Using pre-set license
Built from '2020.3/release' branch; Version is '2020.3.7f1 (dd97f2c94397) revision 14522354'; Using compiler version '192528614'; Build Type 'Release'
OS: 'Windows 10 Pro; OS build 19043.1288; Version 2009; 64bit' Language: 'ja' Physical Memory: 8096 MB
BatchMode: 1, IsHumanControllingUs: 0, StartBugReporterOnCrash: 0, Is64bit: 1, IsPro: 0

 COMMAND LINE ARGUMENTS:
C:\Users\884\Downloads\2020.3.7f1\Editor\Unity.exe
-adb2
-batchMode
-noUpm
-name
AssetImportWorker10
-projectPath
C:/Users/884/Documents/UNITY/タコ焼き/New Unity Project (1)
-logFile
Logs/AssetImportWorker10.log
-srvPort
51025
Successfully changed project path to: C:/Users/884/Documents/UNITY/タコ焼き/New Unity Project (1)
C:/Users/884/Documents/UNITY/タコ焼き/New Unity Project (1)
Using Asset Import Pipeline V2.
Refreshing native plugins compatible for Editor in 55.94 ms, found 1 plugins.
Preloading 0 native plugins for Editor in 0.00 ms.
Initialize engine version: 2020.3.7f1 (dd97f2c94397)
[Subsystems] Discovering subsystems at path C:/Users/884/Downloads/2020.3.7f1/Editor/Data/Resources/UnitySubsystems
[Subsystems] Discovering subsystems at path C:/Users/884/Documents/UNITY/タコ焼き/New Unity Project (1)/Assets
GfxDevice: creating device client; threaded=0
Direct3D:
    Version:  Direct3D 11.0 [level 10.1]
    Renderer: Intel(R) HD Graphics (ID=0x102)
    Vendor:   
    VRAM:     128 MB
    Driver:   9.17.10.4459
Initialize mono
Mono path[0] = 'C:/Users/884/Downloads/2020.3.7f1/Editor/Data/Managed'
Mono path[1] = 'C:/Users/884/Downloads/2020.3.7f1/Editor/Data/MonoBleedingEdge/lib/mono/unityjit'
Mono config path = 'C:/Users/884/Downloads/2020.3.7f1/Editor/Data/MonoBleedingEdge/etc'
Using monoOptions --debugger-agent=transport=dt_socket,embedding=1,server=y,suspend=n,address=127.0.0.1:56892
Begin MonoManager ReloadAssembly
Registering precompiled unity dll's ...
Register platform support module: C:/Users/884/Downloads/2020.3.7f1/Editor/Data/PlaybackEngines/WebGLSupport/UnityEditor.WebGL.Extensions.dll
Register platform support module: C:/Users/884/Downloads/2020.3.7f1/Editor/Data/PlaybackEngines/WindowsStandaloneSupport/UnityEditor.WindowsStandalone.Extensions.dll
Registered in 0.083346 seconds.
Native extension for WindowsStandalone target not found
Native extension for WebGL target not found
Refreshing native plugins compatible for Editor in 52.87 ms, found 1 plugins.
Preloading 0 native plugins for Editor in 0.00 ms.
Mono: successfully reloaded assembly
- Completed reload, in  2.905 seconds
Platform modules already initialized, skipping
Registering precompiled user dll's ...
Registered in 0.002204 seconds.
Begin MonoManager ReloadAssembly
Native extension for WindowsStandalone target not found
Native extension for WebGL target not found
Refreshing native plugins compatible for Editor in 52.41 ms, found 1 plugins.
Preloading 0 native plugins for Editor in 0.00 ms.
Mono: successfully reloaded assembly
- Completed reload, in  1.599 seconds
Platform modules already initialized, skipping
========================================================================
Worker process is ready to serve import requests
Launched and connected shader compiler UnityShaderCompiler.exe after 0.21 seconds
Refreshing native plugins compatible for Editor in 0.55 ms, found 1 plugins.
Preloading 0 native plugins for Editor in 0.00 ms.
Unloading 1829 Unused Serialized files (Serialized files now loaded: 0)
System memory in use before: 88.6 MB.
System memory in use after: 88.6 MB.

Unloading 24 unused Assets to reduce memory usage. Loaded Objects now: 2275.
Total: 2.615600 ms (FindLiveObjects: 0.240600 ms CreateObjectMapping: 0.084100 ms MarkObjects: 2.113600 ms  DeleteObjects: 0.174300 ms)

========================================================================
Received Import Request.
  path: Assets/Scripts/SpdChange3.cs
  artifactKey: Guid(e97ea54075bc53e45bbbcdf4571c2c87) Importer(815301076,1909f56bfc062723c751e8b465ee728b)
Start importing Assets/Scripts/SpdChange3.cs using Guid(e97ea54075bc53e45bbbcdf4571c2c87) Importer(815301076,1909f56bfc062723c751e8b465ee728b)  -> (artifact id: 'daa94c01fa9f36227052f87c223f08b8') in 0.714474 seconds
  Import took 1.022217 seconds .

========================================================================
Received Prepare
Registering precompiled user dll's ...
Registered in 0.003413 seconds.
Begin MonoManager ReloadAssembly
Native extension for WindowsStandalone target not found
Native extension for WebGL target not found
Refreshing native plugins compatible for Editor in 0.72 ms, found 1 plugins.
Preloading 0 native plugins for Editor in 0.00 ms.
Mono: successfully reloaded assembly
- Completed reload, in  1.702 seconds
Platform modules already initialized, skipping
Refreshing native plugins compatible for Editor in 0.49 ms, found 1 plugins.
Preloading 0 native plugins for Editor in 0.00 ms.
Unloading 1824 Unused Serialized files (Serialized files now loaded: 0)
System memory in use before: 88.6 MB.
System memory in use after: 88.5 MB.

Unloading 12 unused Assets to reduce memory usage. Loaded Objects now: 2279.
Total: 2.751800 ms (FindLiveObjects: 0.347800 ms CreateObjectMapping: 0.186400 ms MarkObjects: 2.058700 ms  DeleteObjects: 0.156100 ms)

========================================================================
Received Prepare
Registering precompiled user dll's ...
Registered in 0.002684 seconds.
Begin MonoManager ReloadAssembly
Native extension for WindowsStandalone target not found
Native extension for WebGL target not found
Refreshing native plugins compatible for Editor in 0.54 ms, found 1 plugins.
Preloading 0 native plugins for Editor in 0.00 ms.
Mono: successfully reloaded assembly
- Completed reload, in  1.492 seconds
Platform modules already initialized, skipping
Refreshing native plugins compatible for Editor in 0.50 ms, found 1 plugins.
Preloading 0 native plugins for Editor in 0.00 ms.
Unloading 1824 Unused Serialized files (Serialized files now loaded: 0)
System memory in use before: 88.6 MB.
System memory in use after: 88.6 MB.

Unloading 12 unused Assets to reduce memory usage. Loaded Objects now: 2283.
Total: 2.943500 ms (FindLiveObjects: 0.232400 ms CreateObjectMapping: 0.083600 ms MarkObjects: 2.481400 ms  DeleteObjects: 0.143200 ms)

========================================================================
Received Import Request.
  Time since last request: 51.986403 seconds.
  path: Assets/Scenes/Title.unity
  artifactKey: Guid(100ab03a1ff4d33448543b5ec7bff37a) Importer(815301076,1909f56bfc062723c751e8b465ee728b)
Start importing Assets/Scenes/Title.unity using Guid(100ab03a1ff4d33448543b5ec7bff37a) Importer(815301076,1909f56bfc062723c751e8b465ee728b)  -> (artifact id: 'd067c69d9d4e7c4f5b16089275dfcf31') in 0.114153 seconds
  Import took 0.267734 seconds .

========================================================================
Received Import Request.
  Time since last request: 0.030250 seconds.
  path: Assets/Scenes/Title.unity
  artifactKey: Guid(100ab03a1ff4d33448543b5ec7bff37a) Importer(815301076,1909f56bfc062723c751e8b465ee728b)
Start importing Assets/Scenes/Title.unity using Guid(100ab03a1ff4d33448543b5ec7bff37a) Importer(815301076,1909f56bfc062723c751e8b465ee728b)  -> (artifact id: 'd067c69d9d4e7c4f5b16089275dfcf31') in 0.042914 seconds
  Import took 0.145203 seconds .

========================================================================
Received Import Request.
  Time since last request: 102.834116 seconds.
  path: Assets/Scripts/URL.cs
  artifactKey: Guid(dee9a00b72fbd7343859c7f829c1c5cc) Importer(815301076,1909f56bfc062723c751e8b465ee728b)
Start importing Assets/Scripts/URL.cs using Guid(dee9a00b72fbd7343859c7f829c1c5cc) Importer(815301076,1909f56bfc062723c751e8b465ee728b)  -> (artifact id: '41071bbcc16731ef87cfad43eabf3ad9') in 0.008951 seconds
  Import took 0.069449 seconds .

========================================================================
Received Prepare
Registering precompiled user dll's ...
Registered in 0.002098 seconds.
Begin MonoManager ReloadAssembly
Native extension for WindowsStandalone target not found
Native extension for WebGL target not found
Refreshing native plugins compatible for Editor in 0.52 ms, found 1 plugins.
Preloading 0 native plugins for Editor in 0.00 ms.
Mono: successfully reloaded assembly
- Completed reload, in  1.445 seconds
Platform modules already initialized, skipping
Refreshing native plugins compatible for Editor in 0.50 ms, found 1 plugins.
Preloading 0 native plugins for Editor in 0.00 ms.
Unloading 1825 Unused Serialized files (Serialized files now loaded: 0)
System memory in use before: 88.7 MB.
System memory in use after: 88.6 MB.

Unloading 12 unused Assets to reduce memory usage. Loaded Objects now: 2288.
Total: 2.631300 ms (FindLiveObjects: 0.221400 ms CreateObjectMapping: 0.087400 ms MarkObjects: 2.176600 ms  DeleteObjects: 0.143300 ms)

========================================================================
Received Import Request.
  Time since last request: 320.058450 seconds.
  path: Assets/Scripts/URL.cs
  artifactKey: Guid(dee9a00b72fbd7343859c7f829c1c5cc) Importer(815301076,1909f56bfc062723c751e8b465ee728b)
Start importing Assets/Scripts/URL.cs using Guid(dee9a00b72fbd7343859c7f829c1c5cc) Importer(815301076,1909f56bfc062723c751e8b465ee728b)  -> (artifact id: 'b3be6bf9938be05cf4ca1bdcda440a48') in 0.108156 seconds
  Import took 0.477581 seconds .

========================================================================
Received Import Request.
  Time since last request: 148.653883 seconds.
  path: Assets/Scenes/Main.unity
  artifactKey: Guid(bdda8fd0656657d4abaad83619841501) Importer(815301076,1909f56bfc062723c751e8b465ee728b)
Start importing Assets/Scenes/Main.unity using Guid(bdda8fd0656657d4abaad83619841501) Importer(815301076,1909f56bfc062723c751e8b465ee728b)  -> (artifact id: '64bc00902563bd29abbd66381471f3de') in 0.119832 seconds
  Import took 0.237341 seconds .

========================================================================
Received Import Request.
  Time since last request: 19.860894 seconds.
  path: Assets/Scenes/Title.unity
  artifactKey: Guid(100ab03a1ff4d33448543b5ec7bff37a) Importer(815301076,1909f56bfc062723c751e8b465ee728b)
Start importing Assets/Scenes/Title.unity using Guid(100ab03a1ff4d33448543b5ec7bff37a) Importer(815301076,1909f56bfc062723c751e8b465ee728b)  -> (artifact id: '50bf425a9ae7434860104739a12ce327') in 0.007101 seconds
  Import took 0.016888 seconds .

========================================================================
Received Prepare
Registering precompiled user dll's ...
Registered in 0.002340 seconds.
Begin MonoManager ReloadAssembly
Native extension for WindowsStandalone target not found
Native extension for WebGL target not found
Refreshing native plugins compatible for Editor in 0.57 ms, found 1 plugins.
Preloading 0 native plugins for Editor in 0.00 ms.
Mono: successfully reloaded assembly
- Completed reload, in  1.366 seconds
Platform modules already initialized, skipping
Refreshing native plugins compatible for Editor in 0.51 ms, found 1 plugins.
Preloading 0 native plugins for Editor in 0.00 ms.
Unloading 1825 Unused Serialized files (Serialized files now loaded: 0)
System memory in use before: 88.7 MB.
System memory in use after: 88.7 MB.

Unloading 12 unused Assets to reduce memory usage. Loaded Objects now: 2292.
Total: 2.547300 ms (FindLiveObjects: 0.223200 ms CreateObjectMapping: 0.083700 ms MarkObjects: 2.089500 ms  DeleteObjects: 0.149300 ms)

========================================================================
Received Prepare
Registering precompiled user dll's ...
Registered in 0.002143 seconds.
Begin MonoManager ReloadAssembly
Native extension for WindowsStandalone target not found
Native extension for WebGL target not found
Refreshing native plugins compatible for Editor in 0.72 ms, found 1 plugins.
Preloading 0 native plugins for Editor in 0.00 ms.
Mono: successfully reloaded assembly
- Completed reload, in  1.569 seconds
Platform modules already initialized, skipping
Refreshing native plugins compatible for Editor in 0.71 ms, found 1 plugins.
Preloading 0 native plugins for Editor in 0.00 ms.
Unloading 1825 Unused Serialized files (Serialized files now loaded: 0)
System memory in use before: 88.7 MB.
System memory in use after: 88.7 MB.

Unloading 12 unused Assets to reduce memory usage. Loaded Objects now: 2296.
Total: 4.315200 ms (FindLiveObjects: 0.443200 ms CreateObjectMapping: 0.115500 ms MarkObjects: 3.546600 ms  DeleteObjects: 0.206800 ms)

========================================================================
Received Prepare
Registering precompiled user dll's ...
Registered in 0.002496 seconds.
Begin MonoManager ReloadAssembly
Native extension for WindowsStandalone target not found
Native extension for WebGL target not found
Refreshing native plugins compatible for Editor in 0.79 ms, found 1 plugins.
Preloading 0 native plugins for Editor in 0.00 ms.
Mono: successfully reloaded assembly
- Completed reload, in  1.924 seconds
Platform modules already initialized, skipping
Refreshing native plugins compatible for Editor in 0.56 ms, found 1 plugins.
Preloading 0 native plugins for Editor in 0.00 ms.
Unloading 1825 Unused Serialized files (Serialized files now loaded: 0)
System memory in use before: 88.7 MB.
System memory in use after: 88.7 MB.

Unloading 12 unused Assets to reduce memory usage. Loaded Objects now: 2300.
Total: 2.922200 ms (FindLiveObjects: 0.473200 ms CreateObjectMapping: 0.126900 ms MarkObjects: 2.170300 ms  DeleteObjects: 0.149100 ms)

AssetImportWorkerClient::OnTransportError - code=2 error=End of file
