Using pre-set license
Built from '2020.3/release' branch; Version is '2020.3.7f1 (dd97f2c94397) revision 14522354'; Using compiler version '192528614'; Build Type 'Release'
OS: 'Windows 10 Pro; OS build 19043.1288; Version 2009; 64bit' Language: 'ja' Physical Memory: 8096 MB
BatchMode: 1, IsHumanControllingUs: 0, StartBugReporterOnCrash: 0, Is64bit: 1, IsPro: 0

 COMMAND LINE ARGUMENTS:
C:\Users\884\Downloads\2020.3.7f1\Editor\Unity.exe
-adb2
-batchMode
-noUpm
-name
AssetImportWorker2
-projectPath
C:/Users/884/Documents/UNITY/タコ焼き/New Unity Project (1)
-logFile
Logs/AssetImportWorker2.log
-srvPort
61355
Successfully changed project path to: C:/Users/884/Documents/UNITY/タコ焼き/New Unity Project (1)
C:/Users/884/Documents/UNITY/タコ焼き/New Unity Project (1)
Using Asset Import Pipeline V2.
Refreshing native plugins compatible for Editor in 139.51 ms, found 1 plugins.
Preloading 0 native plugins for Editor in 0.00 ms.
Initialize engine version: 2020.3.7f1 (dd97f2c94397)
[Subsystems] Discovering subsystems at path C:/Users/884/Downloads/2020.3.7f1/Editor/Data/Resources/UnitySubsystems
[Subsystems] Discovering subsystems at path C:/Users/884/Documents/UNITY/タコ焼き/New Unity Project (1)/Assets
GfxDevice: creating device client; threaded=0
Direct3D:
    Version:  Direct3D 11.0 [level 10.1]
    Renderer: Intel(R) HD Graphics (ID=0x102)
    Vendor:   
    VRAM:     128 MB
    Driver:   9.17.10.4459
Initialize mono
Mono path[0] = 'C:/Users/884/Downloads/2020.3.7f1/Editor/Data/Managed'
Mono path[1] = 'C:/Users/884/Downloads/2020.3.7f1/Editor/Data/MonoBleedingEdge/lib/mono/unityjit'
Mono config path = 'C:/Users/884/Downloads/2020.3.7f1/Editor/Data/MonoBleedingEdge/etc'
Using monoOptions --debugger-agent=transport=dt_socket,embedding=1,server=y,suspend=n,address=127.0.0.1:56080
Begin MonoManager ReloadAssembly
Registering precompiled unity dll's ...
Register platform support module: C:/Users/884/Downloads/2020.3.7f1/Editor/Data/PlaybackEngines/WebGLSupport/UnityEditor.WebGL.Extensions.dll
Register platform support module: C:/Users/884/Downloads/2020.3.7f1/Editor/Data/PlaybackEngines/WindowsStandaloneSupport/UnityEditor.WindowsStandalone.Extensions.dll
Registered in 0.006706 seconds.
Native extension for WindowsStandalone target not found
Native extension for WebGL target not found
Refreshing native plugins compatible for Editor in 70.03 ms, found 1 plugins.
Preloading 0 native plugins for Editor in 0.00 ms.
Mono: successfully reloaded assembly
- Completed reload, in  2.978 seconds
Platform modules already initialized, skipping
Registering precompiled user dll's ...
Registered in 0.002119 seconds.
Begin MonoManager ReloadAssembly
Native extension for WindowsStandalone target not found
Native extension for WebGL target not found
Refreshing native plugins compatible for Editor in 54.75 ms, found 1 plugins.
Preloading 0 native plugins for Editor in 0.00 ms.
Mono: successfully reloaded assembly
- Completed reload, in  1.750 seconds
Platform modules already initialized, skipping
========================================================================
Worker process is ready to serve import requests
Launched and connected shader compiler UnityShaderCompiler.exe after 0.13 seconds
Refreshing native plugins compatible for Editor in 0.51 ms, found 1 plugins.
Preloading 0 native plugins for Editor in 0.00 ms.
Unloading 1924 Unused Serialized files (Serialized files now loaded: 0)
System memory in use before: 94.1 MB.
System memory in use after: 94.1 MB.

Unloading 24 unused Assets to reduce memory usage. Loaded Objects now: 2371.
Total: 3.250100 ms (FindLiveObjects: 0.426300 ms CreateObjectMapping: 0.114200 ms MarkObjects: 2.490800 ms  DeleteObjects: 0.216000 ms)

========================================================================
Received Import Request.
  path: Assets/PlayFabSDK/Shared/Public/Resources/PlayFabSharedSettings.asset
  artifactKey: Guid(698b2db098268c640929a7b8090a31eb) Importer(815301076,1909f56bfc062723c751e8b465ee728b)
Start importing Assets/PlayFabSDK/Shared/Public/Resources/PlayFabSharedSettings.asset using Guid(698b2db098268c640929a7b8090a31eb) Importer(815301076,1909f56bfc062723c751e8b465ee728b)  -> (artifact id: 'fb82c456be6648a69faa8f6b3308a02a') in 0.159322 seconds
  Import took 0.217623 seconds .

========================================================================
Received Import Request.
  Time since last request: 0.000504 seconds.
  path: Assets/PlayFabSDK/Shared/Models/SharedModels.cs
  artifactKey: Guid(8e2ad5324972b434883785ddddf9c851) Importer(815301076,1909f56bfc062723c751e8b465ee728b)
Start importing Assets/PlayFabSDK/Shared/Models/SharedModels.cs using Guid(8e2ad5324972b434883785ddddf9c851) Importer(815301076,1909f56bfc062723c751e8b465ee728b)  -> (artifact id: '390337b22643f71543fd85c0e74ce91f') in 0.206546 seconds
  Import took 0.233352 seconds .

========================================================================
Received Import Request.
  Time since last request: 59.224800 seconds.
  path: Assets/PlayFabSDK/PlayFab.asmdef
  artifactKey: Guid(0da6d172d18a54e4389d0dce1e1ffdf2) Importer(815301076,1909f56bfc062723c751e8b465ee728b)
Start importing Assets/PlayFabSDK/PlayFab.asmdef using Guid(0da6d172d18a54e4389d0dce1e1ffdf2) Importer(815301076,1909f56bfc062723c751e8b465ee728b)  -> (artifact id: 'a280149739f5484fb54adfcfaccec8ec') in 0.008950 seconds
  Import took 0.042147 seconds .

========================================================================
Received Import Request.
  Time since last request: 0.060798 seconds.
  path: Assets/PlayFabSDK/PlayFab.asmdef
  artifactKey: Guid(0da6d172d18a54e4389d0dce1e1ffdf2) Importer(815301076,1909f56bfc062723c751e8b465ee728b)
Start importing Assets/PlayFabSDK/PlayFab.asmdef using Guid(0da6d172d18a54e4389d0dce1e1ffdf2) Importer(815301076,1909f56bfc062723c751e8b465ee728b)  -> (artifact id: 'a280149739f5484fb54adfcfaccec8ec') in 0.005802 seconds
  Import took 0.011285 seconds .

========================================================================
Received Import Request.
  Time since last request: 147.957896 seconds.
  path: Assets/PlayFabSDK/Shared/Public/Resources/PlayFabSharedSettings.asset
  artifactKey: Guid(698b2db098268c640929a7b8090a31eb) Importer(815301076,1909f56bfc062723c751e8b465ee728b)
Start importing Assets/PlayFabSDK/Shared/Public/Resources/PlayFabSharedSettings.asset using Guid(698b2db098268c640929a7b8090a31eb) Importer(815301076,1909f56bfc062723c751e8b465ee728b)  -> (artifact id: '9e02d22bc45f46219c16a50d1f1c62cf') in 0.006458 seconds
  Import took 0.012725 seconds .

========================================================================
Received Import Request.
  Time since last request: 80.458540 seconds.
  path: Assets/Materials/tomei.mat
  artifactKey: Guid(eb03beb3df6828a4cad0ed9b22a96095) Importer(815301076,1909f56bfc062723c751e8b465ee728b)
Start importing Assets/Materials/tomei.mat using Guid(eb03beb3df6828a4cad0ed9b22a96095) Importer(815301076,1909f56bfc062723c751e8b465ee728b)  -> (artifact id: 'c8f04c13f1fb7403c6fae6b3b46c463b') in 0.410409 seconds
  Import took 0.414902 seconds .

========================================================================
Received Prepare
Registering precompiled user dll's ...
Registered in 0.003033 seconds.
Begin MonoManager ReloadAssembly
Native extension for WindowsStandalone target not found
Native extension for WebGL target not found
Refreshing native plugins compatible for Editor in 0.53 ms, found 1 plugins.
Preloading 0 native plugins for Editor in 0.00 ms.
CreateSerializedAsset is not supported while importing out-of-process
UnityEngine.StackTraceUtility:ExtractStackTrace ()
PlayFab.PfEditor.PlayFabEditorPrefsSO:get_Instance () (at Assets/PlayFabEditorExtensions/Editor/Scripts/Utils/PlayFabEditorPrefsSO.cs:38)
PlayFab.PfEditor.SubMenuComponent:RegisterMenuItem (string,System.Action) (at Assets/PlayFabEditorExtensions/Editor/Scripts/Components/SubMenuComponent.cs:42)
PlayFab.PfEditor.PlayFabEditorDataMenu:RegisterMenu () (at Assets/PlayFabEditorExtensions/Editor/Scripts/Panels/PlayFabEditorDataMenu.cs:93)
PlayFab.PfEditor.PlayFabEditorDataMenu:.cctor () (at Assets/PlayFabEditorExtensions/Editor/Scripts/Panels/PlayFabEditorDataMenu.cs:74)
System.Runtime.CompilerServices.RuntimeHelpers:RunClassConstructor (System.RuntimeTypeHandle)
UnityEditor.EditorAssemblies:ProcessInitializeOnLoadAttributes (System.Type[])

[Assets/PlayFabEditorExtensions/Editor/Scripts/Utils/PlayFabEditorPrefsSO.cs line 38]

UnityEngine.UnityException: Creating asset at path Assets/PlayFabEditorExtensions/Editor/Resources/PlayFabEditorPrefsSO.asset failed.
  at (wrapper managed-to-native) UnityEditor.AssetDatabase.CreateAsset(UnityEngine.Object,string)
  at PlayFab.PfEditor.PlayFabEditorPrefsSO.get_Instance () [0x00084] in C:\Users\884\Documents\UNITY\タコ焼き\New Unity Project (1)\Assets\PlayFabEditorExtensions\Editor\Scripts\Utils\PlayFabEditorPrefsSO.cs:38 
  at PlayFab.PfEditor.SubMenuComponent.RegisterMenuItem (System.String n, System.Action m) [0x00010] in C:\Users\884\Documents\UNITY\タコ焼き\New Unity Project (1)\Assets\PlayFabEditorExtensions\Editor\Scripts\Components\SubMenuComponent.cs:42 
  at PlayFab.PfEditor.PlayFabEditorDataMenu.RegisterMenu () [0x00018] in C:\Users\884\Documents\UNITY\タコ焼き\New Unity Project (1)\Assets\PlayFabEditorExtensions\Editor\Scripts\Panels\PlayFabEditorDataMenu.cs:93 
  at PlayFab.PfEditor.PlayFabEditorDataMenu..cctor () [0x0003a] in C:\Users\884\Documents\UNITY\タコ焼き\New Unity Project (1)\Assets\PlayFabEditorExtensions\Editor\Scripts\Panels\PlayFabEditorDataMenu.cs:74 
UnityEngine.StackTraceUtility:ExtractStackTrace ()
UnityEngine.DebugLogHandler:LogFormat (UnityEngine.LogType,UnityEngine.Object,string,object[])
UnityEngine.Logger:Log (UnityEngine.LogType,object)
UnityEngine.Debug:LogError (object)
UnityEditor.EditorAssemblies:ProcessInitializeOnLoadAttributes (System.Type[])

Mono: successfully reloaded assembly
- Completed reload, in  1.741 seconds
Platform modules already initialized, skipping
Refreshing native plugins compatible for Editor in 0.52 ms, found 1 plugins.
Preloading 0 native plugins for Editor in 0.00 ms.
Unloading 1949 Unused Serialized files (Serialized files now loaded: 0)
System memory in use before: 98.6 MB.
System memory in use after: 98.6 MB.

Unloading 13 unused Assets to reduce memory usage. Loaded Objects now: 2448.
Total: 18.270900 ms (FindLiveObjects: 0.226000 ms CreateObjectMapping: 0.098000 ms MarkObjects: 17.782800 ms  DeleteObjects: 0.161900 ms)

========================================================================
Received Prepare
Registering precompiled user dll's ...
Registered in 0.026497 seconds.
Begin MonoManager ReloadAssembly
Native extension for WindowsStandalone target not found
Native extension for WebGL target not found
Refreshing native plugins compatible for Editor in 1.63 ms, found 1 plugins.
Preloading 0 native plugins for Editor in 0.00 ms.
Mono: successfully reloaded assembly
- Completed reload, in  2.367 seconds
Platform modules already initialized, skipping
Refreshing native plugins compatible for Editor in 0.51 ms, found 1 plugins.
Preloading 0 native plugins for Editor in 0.00 ms.
Unloading 1831 Unused Serialized files (Serialized files now loaded: 0)
System memory in use before: 93.0 MB.
System memory in use after: 93.0 MB.

Unloading 13 unused Assets to reduce memory usage. Loaded Objects now: 2363.
Total: 2.969300 ms (FindLiveObjects: 0.414300 ms CreateObjectMapping: 0.088600 ms MarkObjects: 2.292800 ms  DeleteObjects: 0.171000 ms)

========================================================================
Received Prepare
Registering precompiled user dll's ...
Registered in 0.002148 seconds.
Begin MonoManager ReloadAssembly
Native extension for WindowsStandalone target not found
Native extension for WebGL target not found
Refreshing native plugins compatible for Editor in 0.55 ms, found 1 plugins.
Preloading 0 native plugins for Editor in 0.00 ms.
Mono: successfully reloaded assembly
- Completed reload, in  1.338 seconds
Platform modules already initialized, skipping
Refreshing native plugins compatible for Editor in 0.71 ms, found 1 plugins.
Preloading 0 native plugins for Editor in 0.00 ms.
Unloading 1829 Unused Serialized files (Serialized files now loaded: 0)
System memory in use before: 92.9 MB.
System memory in use after: 92.9 MB.

Unloading 12 unused Assets to reduce memory usage. Loaded Objects now: 2367.
Total: 2.869700 ms (FindLiveObjects: 0.345100 ms CreateObjectMapping: 0.096500 ms MarkObjects: 2.276100 ms  DeleteObjects: 0.150000 ms)

========================================================================
Received Prepare
Registering precompiled user dll's ...
Registered in 0.002018 seconds.
Begin MonoManager ReloadAssembly
Native extension for WindowsStandalone target not found
Native extension for WebGL target not found
Refreshing native plugins compatible for Editor in 0.60 ms, found 1 plugins.
Preloading 0 native plugins for Editor in 0.00 ms.
CreateSerializedAsset is not supported while importing out-of-process
UnityEngine.StackTraceUtility:ExtractStackTrace ()
PlayFab.PfEditor.PlayFabEditorPrefsSO:get_Instance () (at Assets/PlayFabEditorExtensions/Editor/Scripts/Utils/PlayFabEditorPrefsSO.cs:38)
PlayFab.PfEditor.SubMenuComponent:RegisterMenuItem (string,System.Action) (at Assets/PlayFabEditorExtensions/Editor/Scripts/Components/SubMenuComponent.cs:42)
PlayFab.PfEditor.PlayFabEditorDataMenu:RegisterMenu () (at Assets/PlayFabEditorExtensions/Editor/Scripts/Panels/PlayFabEditorDataMenu.cs:93)
PlayFab.PfEditor.PlayFabEditorDataMenu:.cctor () (at Assets/PlayFabEditorExtensions/Editor/Scripts/Panels/PlayFabEditorDataMenu.cs:74)
System.Runtime.CompilerServices.RuntimeHelpers:RunClassConstructor (System.RuntimeTypeHandle)
UnityEditor.EditorAssemblies:ProcessInitializeOnLoadAttributes (System.Type[])

[Assets/PlayFabEditorExtensions/Editor/Scripts/Utils/PlayFabEditorPrefsSO.cs line 38]

UnityEngine.UnityException: Creating asset at path Assets/PlayFabEditorExtensions/Editor/Resources/PlayFabEditorPrefsSO.asset failed.
  at (wrapper managed-to-native) UnityEditor.AssetDatabase.CreateAsset(UnityEngine.Object,string)
  at PlayFab.PfEditor.PlayFabEditorPrefsSO.get_Instance () [0x00084] in C:\Users\884\Documents\UNITY\タコ焼き\New Unity Project (1)\Assets\PlayFabEditorExtensions\Editor\Scripts\Utils\PlayFabEditorPrefsSO.cs:38 
  at PlayFab.PfEditor.SubMenuComponent.RegisterMenuItem (System.String n, System.Action m) [0x00010] in C:\Users\884\Documents\UNITY\タコ焼き\New Unity Project (1)\Assets\PlayFabEditorExtensions\Editor\Scripts\Components\SubMenuComponent.cs:42 
  at PlayFab.PfEditor.PlayFabEditorDataMenu.RegisterMenu () [0x00018] in C:\Users\884\Documents\UNITY\タコ焼き\New Unity Project (1)\Assets\PlayFabEditorExtensions\Editor\Scripts\Panels\PlayFabEditorDataMenu.cs:93 
  at PlayFab.PfEditor.PlayFabEditorDataMenu..cctor () [0x0003a] in C:\Users\884\Documents\UNITY\タコ焼き\New Unity Project (1)\Assets\PlayFabEditorExtensions\Editor\Scripts\Panels\PlayFabEditorDataMenu.cs:74 
UnityEngine.StackTraceUtility:ExtractStackTrace ()
UnityEngine.DebugLogHandler:LogFormat (UnityEngine.LogType,UnityEngine.Object,string,object[])
UnityEngine.Logger:Log (UnityEngine.LogType,object)
UnityEngine.Debug:LogError (object)
UnityEditor.EditorAssemblies:ProcessInitializeOnLoadAttributes (System.Type[])

Mono: successfully reloaded assembly
- Completed reload, in  1.658 seconds
Platform modules already initialized, skipping
Refreshing native plugins compatible for Editor in 0.61 ms, found 1 plugins.
Preloading 0 native plugins for Editor in 0.00 ms.
Unloading 1858 Unused Serialized files (Serialized files now loaded: 0)
System memory in use before: 93.6 MB.
System memory in use after: 93.6 MB.

Unloading 14 unused Assets to reduce memory usage. Loaded Objects now: 2374.
Total: 2.816400 ms (FindLiveObjects: 0.246700 ms CreateObjectMapping: 0.087600 ms MarkObjects: 2.289400 ms  DeleteObjects: 0.190400 ms)

========================================================================
Received Prepare
Registering precompiled user dll's ...
Registered in 0.020393 seconds.
Begin MonoManager ReloadAssembly
Native extension for WindowsStandalone target not found
Native extension for WebGL target not found
Refreshing native plugins compatible for Editor in 0.61 ms, found 1 plugins.
Preloading 0 native plugins for Editor in 0.00 ms.
CreateSerializedAsset is not supported while importing out-of-process
UnityEngine.StackTraceUtility:ExtractStackTrace ()
PlayFab.PfEditor.PlayFabEditorPrefsSO:get_Instance () (at Assets/PlayFabEditorExtensions/Editor/Scripts/Utils/PlayFabEditorPrefsSO.cs:38)
PlayFab.PfEditor.SubMenuComponent:RegisterMenuItem (string,System.Action) (at Assets/PlayFabEditorExtensions/Editor/Scripts/Components/SubMenuComponent.cs:42)
PlayFab.PfEditor.PlayFabEditorDataMenu:RegisterMenu () (at Assets/PlayFabEditorExtensions/Editor/Scripts/Panels/PlayFabEditorDataMenu.cs:93)
PlayFab.PfEditor.PlayFabEditorDataMenu:.cctor () (at Assets/PlayFabEditorExtensions/Editor/Scripts/Panels/PlayFabEditorDataMenu.cs:74)
System.Runtime.CompilerServices.RuntimeHelpers:RunClassConstructor (System.RuntimeTypeHandle)
UnityEditor.EditorAssemblies:ProcessInitializeOnLoadAttributes (System.Type[])

[Assets/PlayFabEditorExtensions/Editor/Scripts/Utils/PlayFabEditorPrefsSO.cs line 38]

UnityEngine.UnityException: Creating asset at path Assets/PlayFabEditorExtensions/Editor/Resources/PlayFabEditorPrefsSO.asset failed.
  at (wrapper managed-to-native) UnityEditor.AssetDatabase.CreateAsset(UnityEngine.Object,string)
  at PlayFab.PfEditor.PlayFabEditorPrefsSO.get_Instance () [0x00084] in C:\Users\884\Documents\UNITY\タコ焼き\New Unity Project (1)\Assets\PlayFabEditorExtensions\Editor\Scripts\Utils\PlayFabEditorPrefsSO.cs:38 
  at PlayFab.PfEditor.SubMenuComponent.RegisterMenuItem (System.String n, System.Action m) [0x00010] in C:\Users\884\Documents\UNITY\タコ焼き\New Unity Project (1)\Assets\PlayFabEditorExtensions\Editor\Scripts\Components\SubMenuComponent.cs:42 
  at PlayFab.PfEditor.PlayFabEditorDataMenu.RegisterMenu () [0x00018] in C:\Users\884\Documents\UNITY\タコ焼き\New Unity Project (1)\Assets\PlayFabEditorExtensions\Editor\Scripts\Panels\PlayFabEditorDataMenu.cs:93 
  at PlayFab.PfEditor.PlayFabEditorDataMenu..cctor () [0x0003a] in C:\Users\884\Documents\UNITY\タコ焼き\New Unity Project (1)\Assets\PlayFabEditorExtensions\Editor\Scripts\Panels\PlayFabEditorDataMenu.cs:74 
UnityEngine.StackTraceUtility:ExtractStackTrace ()
UnityEngine.DebugLogHandler:LogFormat (UnityEngine.LogType,UnityEngine.Object,string,object[])
UnityEngine.Logger:Log (UnityEngine.LogType,object)
UnityEngine.Debug:LogError (object)
UnityEditor.EditorAssemblies:ProcessInitializeOnLoadAttributes (System.Type[])

Mono: successfully reloaded assembly
- Completed reload, in  1.646 seconds
Platform modules already initialized, skipping
Refreshing native plugins compatible for Editor in 0.53 ms, found 1 plugins.
Preloading 0 native plugins for Editor in 0.00 ms.
Unloading 1947 Unused Serialized files (Serialized files now loaded: 0)
System memory in use before: 98.7 MB.
System memory in use after: 98.7 MB.

Unloading 14 unused Assets to reduce memory usage. Loaded Objects now: 2468.
Total: 3.031000 ms (FindLiveObjects: 0.262300 ms CreateObjectMapping: 0.092500 ms MarkObjects: 2.516800 ms  DeleteObjects: 0.157300 ms)

========================================================================
Received Import Request.
  Time since last request: 596.376767 seconds.
  path: Assets/SE/hunt.mp3
  artifactKey: Guid(92ea4f36e833e484a96879a0b96bb179) Importer(815301076,1909f56bfc062723c751e8b465ee728b)
Start importing Assets/SE/hunt.mp3 using Guid(92ea4f36e833e484a96879a0b96bb179) Importer(815301076,1909f56bfc062723c751e8b465ee728b)  -> (artifact id: '1ed1e330a439ca6cf5a8666efb356140') in 0.859108 seconds
  Import took 0.864846 seconds .

========================================================================
Received Import Request.
  Time since last request: 0.000541 seconds.
  path: Assets/Sprites/compota.png
  artifactKey: Guid(84b514d9a20899845bc816d8de4d7f75) Importer(815301076,1909f56bfc062723c751e8b465ee728b)
Start importing Assets/Sprites/compota.png using Guid(84b514d9a20899845bc816d8de4d7f75) Importer(815301076,1909f56bfc062723c751e8b465ee728b)  -> (artifact id: '33a9a37cf18f06643fc91a1ba8b1e387') in 0.427344 seconds
  Import took 0.431969 seconds .

========================================================================
Received Import Request.
  Time since last request: 0.000411 seconds.
  path: Assets/Sprites/compotaback.png
  artifactKey: Guid(40b434bc0dd19e64886dfdf10b92666c) Importer(815301076,1909f56bfc062723c751e8b465ee728b)
Start importing Assets/Sprites/compotaback.png using Guid(40b434bc0dd19e64886dfdf10b92666c) Importer(815301076,1909f56bfc062723c751e8b465ee728b)  -> (artifact id: '7900ccfe3b023d47afd07afe1097531a') in 0.067476 seconds
  Import took 0.071419 seconds .

========================================================================
Received Import Request.
  Time since last request: 0.000414 seconds.
  path: Assets/SE/ビリー兄貴.wav
  artifactKey: Guid(30e4a43bd0315bd419535abf47c5bc4a) Importer(815301076,1909f56bfc062723c751e8b465ee728b)
Start importing Assets/SE/ビリー兄貴.wav using Guid(30e4a43bd0315bd419535abf47c5bc4a) Importer(815301076,1909f56bfc062723c751e8b465ee728b)  -> (artifact id: '50f31ab0df262d1694ef07c22cf8bc8f') in 0.085701 seconds
  Import took 0.089367 seconds .

========================================================================
Received Import Request.
  Time since last request: 0.000437 seconds.
  path: Assets/SE/ピチューン.wav
  artifactKey: Guid(68de972171bc4b34aa86417aa6d37570) Importer(815301076,1909f56bfc062723c751e8b465ee728b)
Start importing Assets/SE/ピチューン.wav using Guid(68de972171bc4b34aa86417aa6d37570) Importer(815301076,1909f56bfc062723c751e8b465ee728b)  -> (artifact id: 'eeb5bc2f6d37217cf2f2321e136626a2') in 0.051734 seconds
  Import took 0.060952 seconds .

========================================================================
Received Import Request.
  Time since last request: 0.000461 seconds.
  path: Assets/Sprites/batu.jpg
  artifactKey: Guid(9a8501cb18734414aaf4304d5e41e626) Importer(815301076,1909f56bfc062723c751e8b465ee728b)
Start importing Assets/Sprites/batu.jpg using Guid(9a8501cb18734414aaf4304d5e41e626) Importer(815301076,1909f56bfc062723c751e8b465ee728b)  -> (artifact id: 'ab0a5f6506e83e798927e55c70905e38') in 0.020998 seconds
  Import took 0.024873 seconds .

========================================================================
Received Import Request.
  Time since last request: 0.000462 seconds.
  path: Assets/Sprites/effect2.png
  artifactKey: Guid(1abe46559727cc8499b78c4af5da2632) Importer(815301076,1909f56bfc062723c751e8b465ee728b)
Start importing Assets/Sprites/effect2.png using Guid(1abe46559727cc8499b78c4af5da2632) Importer(815301076,1909f56bfc062723c751e8b465ee728b)  -> (artifact id: '34b681dbf30b23babb265f9a7bf8e3af') in 0.057504 seconds
  Import took 0.062310 seconds .

========================================================================
Received Import Request.
  Time since last request: 0.000371 seconds.
  path: Assets/Sprites/bg_back.png
  artifactKey: Guid(bcf932ae7abd6c84aaf6cdc48e922c65) Importer(815301076,1909f56bfc062723c751e8b465ee728b)
Start importing Assets/Sprites/bg_back.png using Guid(bcf932ae7abd6c84aaf6cdc48e922c65) Importer(815301076,1909f56bfc062723c751e8b465ee728b)  -> (artifact id: '6169d2662ae5148fcf1a96c5eae205cd') in 0.026265 seconds
  Import took 0.031115 seconds .

========================================================================
Received Import Request.
  Time since last request: 0.000439 seconds.
  path: Assets/Sprites/box_blue.png
  artifactKey: Guid(22033c709c750844899178b9a952c3a5) Importer(815301076,1909f56bfc062723c751e8b465ee728b)
Start importing Assets/Sprites/box_blue.png using Guid(22033c709c750844899178b9a952c3a5) Importer(815301076,1909f56bfc062723c751e8b465ee728b)  -> (artifact id: '0eb75a056eecac0fdfd10d8b53788747') in 0.111422 seconds
  Import took 0.116428 seconds .

========================================================================
Received Import Request.
  Time since last request: 0.000397 seconds.
  path: Assets/SE/ファンファーレ10（ゲーム向け）.mp3
  artifactKey: Guid(10f471cdbfbf5854eaa0f7719dd23a3d) Importer(815301076,1909f56bfc062723c751e8b465ee728b)
Start importing Assets/SE/ファンファーレ10（ゲーム向け）.mp3 using Guid(10f471cdbfbf5854eaa0f7719dd23a3d) Importer(815301076,1909f56bfc062723c751e8b465ee728b)  -> (artifact id: '8e12735cab71872bb755d4ffcae4bf8b') in 0.069865 seconds
  Import took 0.073957 seconds .

========================================================================
Received Import Request.
  Time since last request: 0.000413 seconds.
  path: Assets/SE/男性叫び声.mp3
  artifactKey: Guid(f0e3cdb8b8d72914c8371723358e1c4c) Importer(815301076,1909f56bfc062723c751e8b465ee728b)
Start importing Assets/SE/男性叫び声.mp3 using Guid(f0e3cdb8b8d72914c8371723358e1c4c) Importer(815301076,1909f56bfc062723c751e8b465ee728b)  -> (artifact id: 'a52bd27d62e584817b2a57f7c2e5828d') in 0.047507 seconds
  Import took 0.051180 seconds .

========================================================================
Received Import Request.
  Time since last request: 0.000443 seconds.
  path: Assets/Sprites/compotaEnemy.png
  artifactKey: Guid(b352dce70d6e83842829233f801ca812) Importer(815301076,1909f56bfc062723c751e8b465ee728b)
Start importing Assets/Sprites/compotaEnemy.png using Guid(b352dce70d6e83842829233f801ca812) Importer(815301076,1909f56bfc062723c751e8b465ee728b)  -> (artifact id: '1f45a074c42317fa8b7d67344e0befc5') in 0.058986 seconds
  Import took 0.062506 seconds .

========================================================================
Received Import Request.
  Time since last request: 0.000443 seconds.
  path: Assets/Sprites/Aim.png
  artifactKey: Guid(ddd97ebf7e593014f886f1d80539c8ce) Importer(815301076,1909f56bfc062723c751e8b465ee728b)
Start importing Assets/Sprites/Aim.png using Guid(ddd97ebf7e593014f886f1d80539c8ce) Importer(815301076,1909f56bfc062723c751e8b465ee728b)  -> (artifact id: 'fbac30ed7d124bf5ee4971292393b893') in 0.064347 seconds
  Import took 0.068021 seconds .

========================================================================
Received Import Request.
  Time since last request: 0.000429 seconds.
  path: Assets/Sprites/box_blue_window.png
  artifactKey: Guid(7c288a3f964a7e34192cd6528dc81e2f) Importer(815301076,1909f56bfc062723c751e8b465ee728b)
Start importing Assets/Sprites/box_blue_window.png using Guid(7c288a3f964a7e34192cd6528dc81e2f) Importer(815301076,1909f56bfc062723c751e8b465ee728b)  -> (artifact id: '1e691313aca055eeaa79db7386afe231') in 0.066140 seconds
  Import took 0.070490 seconds .

========================================================================
Received Import Request.
  Time since last request: 0.000436 seconds.
  path: Assets/Sprites/effect1.png
  artifactKey: Guid(e76535c296f359a498be40a6f2eb5cbe) Importer(815301076,1909f56bfc062723c751e8b465ee728b)
Start importing Assets/Sprites/effect1.png using Guid(e76535c296f359a498be40a6f2eb5cbe) Importer(815301076,1909f56bfc062723c751e8b465ee728b)  -> (artifact id: 'ec349861d5cd17026420affb990259ae') in 0.015568 seconds
  Import took 0.019145 seconds .

========================================================================
Received Import Request.
  Time since last request: 6.103114 seconds.
  path: Assets/Scenes/Title.unity
  artifactKey: Guid(100ab03a1ff4d33448543b5ec7bff37a) Importer(815301076,1909f56bfc062723c751e8b465ee728b)
Start importing Assets/Scenes/Title.unity using Guid(100ab03a1ff4d33448543b5ec7bff37a) Importer(815301076,1909f56bfc062723c751e8b465ee728b)  -> (artifact id: 'af6db4a736ca29e220833b02131c1c31') in 0.005488 seconds
  Import took 0.009551 seconds .

========================================================================
Received Import Request.
  Time since last request: 0.020732 seconds.
  path: Assets/Scenes/Title.unity
  artifactKey: Guid(100ab03a1ff4d33448543b5ec7bff37a) Importer(815301076,1909f56bfc062723c751e8b465ee728b)
Start importing Assets/Scenes/Title.unity using Guid(100ab03a1ff4d33448543b5ec7bff37a) Importer(815301076,1909f56bfc062723c751e8b465ee728b)  -> (artifact id: 'af6db4a736ca29e220833b02131c1c31') in 0.005449 seconds
  Import took 0.010342 seconds .

AssetImportWorkerClient::OnTransportError - code=2 error=End of file
