Using pre-set license
Built from '2020.3/release' branch; Version is '2020.3.7f1 (dd97f2c94397) revision 14522354'; Using compiler version '192528614'; Build Type 'Release'
OS: 'Windows 10 Pro; OS build 19043.1288; Version 2009; 64bit' Language: 'ja' Physical Memory: 8096 MB
BatchMode: 1, IsHumanControllingUs: 0, StartBugReporterOnCrash: 0, Is64bit: 1, IsPro: 0

 COMMAND LINE ARGUMENTS:
C:\Users\884\Downloads\2020.3.7f1\Editor\Unity.exe
-adb2
-batchMode
-noUpm
-name
AssetImportWorker1
-projectPath
C:/Users/884/Documents/UNITY/タコ焼き/New Unity Project (1)
-logFile
Logs/AssetImportWorker1.log
-srvPort
62354
Successfully changed project path to: C:/Users/884/Documents/UNITY/タコ焼き/New Unity Project (1)
C:/Users/884/Documents/UNITY/タコ焼き/New Unity Project (1)
Using Asset Import Pipeline V2.
Refreshing native plugins compatible for Editor in 62.84 ms, found 1 plugins.
Preloading 0 native plugins for Editor in 0.00 ms.
Initialize engine version: 2020.3.7f1 (dd97f2c94397)
[Subsystems] Discovering subsystems at path C:/Users/884/Downloads/2020.3.7f1/Editor/Data/Resources/UnitySubsystems
[Subsystems] Discovering subsystems at path C:/Users/884/Documents/UNITY/タコ焼き/New Unity Project (1)/Assets
GfxDevice: creating device client; threaded=0
Direct3D:
    Version:  Direct3D 11.0 [level 10.1]
    Renderer: Intel(R) HD Graphics (ID=0x102)
    Vendor:   
    VRAM:     128 MB
    Driver:   9.17.10.4459
Initialize mono
Mono path[0] = 'C:/Users/884/Downloads/2020.3.7f1/Editor/Data/Managed'
Mono path[1] = 'C:/Users/884/Downloads/2020.3.7f1/Editor/Data/MonoBleedingEdge/lib/mono/unityjit'
Mono config path = 'C:/Users/884/Downloads/2020.3.7f1/Editor/Data/MonoBleedingEdge/etc'
Using monoOptions --debugger-agent=transport=dt_socket,embedding=1,server=y,suspend=n,address=127.0.0.1:56572
Begin MonoManager ReloadAssembly
Registering precompiled unity dll's ...
Register platform support module: C:/Users/884/Downloads/2020.3.7f1/Editor/Data/PlaybackEngines/WebGLSupport/UnityEditor.WebGL.Extensions.dll
Register platform support module: C:/Users/884/Downloads/2020.3.7f1/Editor/Data/PlaybackEngines/WindowsStandaloneSupport/UnityEditor.WindowsStandalone.Extensions.dll
Registered in 0.007250 seconds.
Native extension for WindowsStandalone target not found
Native extension for WebGL target not found
Refreshing native plugins compatible for Editor in 67.17 ms, found 1 plugins.
Preloading 0 native plugins for Editor in 0.00 ms.
Mono: successfully reloaded assembly
- Completed reload, in  2.787 seconds
Platform modules already initialized, skipping
Registering precompiled user dll's ...
Registered in 0.002149 seconds.
Begin MonoManager ReloadAssembly
Native extension for WindowsStandalone target not found
Native extension for WebGL target not found
Refreshing native plugins compatible for Editor in 55.59 ms, found 1 plugins.
Preloading 0 native plugins for Editor in 0.00 ms.
Mono: successfully reloaded assembly
- Completed reload, in  3.683 seconds
Platform modules already initialized, skipping
========================================================================
Worker process is ready to serve import requests
Launched and connected shader compiler UnityShaderCompiler.exe after 0.36 seconds
Refreshing native plugins compatible for Editor in 0.50 ms, found 1 plugins.
Preloading 0 native plugins for Editor in 0.00 ms.
Unloading 1954 Unused Serialized files (Serialized files now loaded: 0)
System memory in use before: 95.1 MB.
System memory in use after: 95.1 MB.

Unloading 25 unused Assets to reduce memory usage. Loaded Objects now: 2404.
Total: 2.799100 ms (FindLiveObjects: 0.214900 ms CreateObjectMapping: 0.089800 ms MarkObjects: 2.313800 ms  DeleteObjects: 0.178800 ms)

========================================================================
Received Import Request.
  path: Assets/Scenes/Main.unity
  artifactKey: Guid(bdda8fd0656657d4abaad83619841501) Importer(815301076,1909f56bfc062723c751e8b465ee728b)
Start importing Assets/Scenes/Main.unity using Guid(bdda8fd0656657d4abaad83619841501) Importer(815301076,1909f56bfc062723c751e8b465ee728b)  -> (artifact id: 'fcf3cd152c0b5ab4a797365ef8bb1d55') in 0.048242 seconds
  Import took 0.075474 seconds .

========================================================================
Received Import Request.
  Time since last request: 41.946168 seconds.
  path: Assets/Scenes/Troot.unity
  artifactKey: Guid(bde380ca36abb4a4582315647eae1f19) Importer(815301076,1909f56bfc062723c751e8b465ee728b)
Start importing Assets/Scenes/Troot.unity using Guid(bde380ca36abb4a4582315647eae1f19) Importer(815301076,1909f56bfc062723c751e8b465ee728b)  -> (artifact id: 'a1a7ec58225d300a2f0ef0c89a88d265') in 0.006318 seconds
  Import took 0.044895 seconds .

========================================================================
Received Import Request.
  Time since last request: 2.354295 seconds.
  path: Assets/Scenes/Main.unity
  artifactKey: Guid(bdda8fd0656657d4abaad83619841501) Importer(815301076,1909f56bfc062723c751e8b465ee728b)
Start importing Assets/Scenes/Main.unity using Guid(bdda8fd0656657d4abaad83619841501) Importer(815301076,1909f56bfc062723c751e8b465ee728b)  -> (artifact id: 'e8d091c4bf57cff17e589a643b13cc22') in 0.006308 seconds
  Import took 0.044654 seconds .

========================================================================
Received Import Request.
  Time since last request: 29.538822 seconds.
  path: Assets/Scenes/Main.unity
  artifactKey: Guid(bdda8fd0656657d4abaad83619841501) Importer(815301076,1909f56bfc062723c751e8b465ee728b)
Start importing Assets/Scenes/Main.unity using Guid(bdda8fd0656657d4abaad83619841501) Importer(815301076,1909f56bfc062723c751e8b465ee728b)  -> (artifact id: 'ba71e171dc64cb0972cd59460da198d7') in 0.005302 seconds
  Import took 0.027373 seconds .

========================================================================
Received Import Request.
  Time since last request: 0.002386 seconds.
  path: Assets/Scenes/Main.unity
  artifactKey: Guid(bdda8fd0656657d4abaad83619841501) Importer(815301076,1909f56bfc062723c751e8b465ee728b)
Start importing Assets/Scenes/Main.unity using Guid(bdda8fd0656657d4abaad83619841501) Importer(815301076,1909f56bfc062723c751e8b465ee728b)  -> (artifact id: 'ba71e171dc64cb0972cd59460da198d7') in 0.005402 seconds
  Import took 0.009909 seconds .

========================================================================
Received Import Request.
  Time since last request: 39.799936 seconds.
  path: Assets/Scenes/Main.unity
  artifactKey: Guid(bdda8fd0656657d4abaad83619841501) Importer(815301076,1909f56bfc062723c751e8b465ee728b)
Start importing Assets/Scenes/Main.unity using Guid(bdda8fd0656657d4abaad83619841501) Importer(815301076,1909f56bfc062723c751e8b465ee728b)  -> (artifact id: 'ac32b3c6230d381289c912f293853aea') in 0.005316 seconds
  Import took 0.047387 seconds .

========================================================================
Received Prepare
Registering precompiled user dll's ...
Registered in 0.002344 seconds.
Begin MonoManager ReloadAssembly
Native extension for WindowsStandalone target not found
Native extension for WebGL target not found
Refreshing native plugins compatible for Editor in 0.58 ms, found 1 plugins.
Preloading 0 native plugins for Editor in 0.00 ms.
Mono: successfully reloaded assembly
- Completed reload, in  1.695 seconds
Platform modules already initialized, skipping
Refreshing native plugins compatible for Editor in 0.53 ms, found 1 plugins.
Preloading 0 native plugins for Editor in 0.00 ms.
Unloading 1947 Unused Serialized files (Serialized files now loaded: 0)
System memory in use before: 95.1 MB.
System memory in use after: 95.0 MB.

Unloading 13 unused Assets to reduce memory usage. Loaded Objects now: 2409.
Total: 3.236100 ms (FindLiveObjects: 0.242100 ms CreateObjectMapping: 0.095600 ms MarkObjects: 2.585900 ms  DeleteObjects: 0.310500 ms)

========================================================================
Received Import Request.
  Time since last request: 1513.708456 seconds.
  path: Assets/Scripts/InputFieldManager.cs
  artifactKey: Guid(d67bb9a6aa3927542925cbdd69448a93) Importer(815301076,1909f56bfc062723c751e8b465ee728b)
Start importing Assets/Scripts/InputFieldManager.cs using Guid(d67bb9a6aa3927542925cbdd69448a93) Importer(815301076,1909f56bfc062723c751e8b465ee728b)  -> (artifact id: '97d14f96f0bada68afc9b3254e90ef22') in 0.749677 seconds
  Import took 0.789640 seconds .

========================================================================
Received Prepare
Registering precompiled user dll's ...
Registered in 0.002660 seconds.
Begin MonoManager ReloadAssembly
Native extension for WindowsStandalone target not found
Native extension for WebGL target not found
Refreshing native plugins compatible for Editor in 0.51 ms, found 1 plugins.
Preloading 0 native plugins for Editor in 0.00 ms.
Mono: successfully reloaded assembly
- Completed reload, in  1.485 seconds
Platform modules already initialized, skipping
Refreshing native plugins compatible for Editor in 0.52 ms, found 1 plugins.
Preloading 0 native plugins for Editor in 0.00 ms.
Unloading 1948 Unused Serialized files (Serialized files now loaded: 0)
System memory in use before: 95.1 MB.
System memory in use after: 95.1 MB.

Unloading 13 unused Assets to reduce memory usage. Loaded Objects now: 2415.
Total: 4.491200 ms (FindLiveObjects: 0.367800 ms CreateObjectMapping: 0.120600 ms MarkObjects: 3.677100 ms  DeleteObjects: 0.322700 ms)

========================================================================
Received Prepare
Registering precompiled user dll's ...
Registered in 0.002236 seconds.
Begin MonoManager ReloadAssembly
Native extension for WindowsStandalone target not found
Native extension for WebGL target not found
Refreshing native plugins compatible for Editor in 0.62 ms, found 1 plugins.
Preloading 0 native plugins for Editor in 0.00 ms.
Mono: successfully reloaded assembly
- Completed reload, in  1.490 seconds
Platform modules already initialized, skipping
Refreshing native plugins compatible for Editor in 0.52 ms, found 1 plugins.
Preloading 0 native plugins for Editor in 0.00 ms.
Unloading 1948 Unused Serialized files (Serialized files now loaded: 0)
System memory in use before: 95.1 MB.
System memory in use after: 95.1 MB.

Unloading 13 unused Assets to reduce memory usage. Loaded Objects now: 2420.
Total: 3.980900 ms (FindLiveObjects: 0.257600 ms CreateObjectMapping: 0.089800 ms MarkObjects: 3.475000 ms  DeleteObjects: 0.156100 ms)

========================================================================
Received Import Request.
  Time since last request: 88.021958 seconds.
  path: Assets/Scripts/InputFieldManager.cs
  artifactKey: Guid(d67bb9a6aa3927542925cbdd69448a93) Importer(815301076,1909f56bfc062723c751e8b465ee728b)
Start importing Assets/Scripts/InputFieldManager.cs using Guid(d67bb9a6aa3927542925cbdd69448a93) Importer(815301076,1909f56bfc062723c751e8b465ee728b)  -> (artifact id: '157d2a86b08c1d9d8dc9e21cb8850810') in 0.007424 seconds
  Import took 0.011197 seconds .

========================================================================
Received Import Request.
  Time since last request: 138.212809 seconds.
  path: Assets/PlayFabEditorExtensions/Editor/UI/Fonts/Avalon.ttf
  artifactKey: Guid(436664d726292a54fa79d2168f4541ac) Importer(815301076,1909f56bfc062723c751e8b465ee728b)
Start importing Assets/PlayFabEditorExtensions/Editor/UI/Fonts/Avalon.ttf using Guid(436664d726292a54fa79d2168f4541ac) Importer(815301076,1909f56bfc062723c751e8b465ee728b)  -> (artifact id: 'c3b6e4f4d0eec0cc4947b1e04404f5be') in 0.679799 seconds
  Import took 0.725587 seconds .

========================================================================
Received Import Request.
  Time since last request: 0.000498 seconds.
  path: Assets/PlayFabEditorExtensions/Editor/UI/Fonts/Avalon Bold.ttf
  artifactKey: Guid(96e17474f840a01459f0cc936c5d4d9b) Importer(815301076,1909f56bfc062723c751e8b465ee728b)
Start importing Assets/PlayFabEditorExtensions/Editor/UI/Fonts/Avalon Bold.ttf using Guid(96e17474f840a01459f0cc936c5d4d9b) Importer(815301076,1909f56bfc062723c751e8b465ee728b)  -> (artifact id: '6d9f0aa657a5f8738b7546c96e25c43c') in 0.047717 seconds
  Import took 0.081484 seconds .

========================================================================
Received Import Request.
  Time since last request: 0.253747 seconds.
  path: Assets/PlayFabEditorExtensions/Editor/UI/Images/Black.png
  artifactKey: Guid(66d3ceb5fa86d498891e23dd5303a8f7) Importer(815301076,1909f56bfc062723c751e8b465ee728b)
Start importing Assets/PlayFabEditorExtensions/Editor/UI/Images/Black.png using Guid(66d3ceb5fa86d498891e23dd5303a8f7) Importer(815301076,1909f56bfc062723c751e8b465ee728b)  -> (artifact id: '8222494a4270b5e92910ee37e263a7d2') in 0.521330 seconds
  Import took 3.548708 seconds .

========================================================================
Received Import Request.
  Time since last request: 0.001272 seconds.
  path: Assets/PlayFabEditorExtensions/Editor/UI/Images/checkmark.png
  artifactKey: Guid(1f806a850e4ff264eafc4935f65793b8) Importer(815301076,1909f56bfc062723c751e8b465ee728b)
Start importing Assets/PlayFabEditorExtensions/Editor/UI/Images/checkmark.png using Guid(1f806a850e4ff264eafc4935f65793b8) Importer(815301076,1909f56bfc062723c751e8b465ee728b)  -> (artifact id: 'c35f532a7aa41a66be4e649a73a25eb2') in 0.108904 seconds
  Import took 0.146561 seconds .

========================================================================
Received Import Request.
  Time since last request: 273.311487 seconds.
  path: Assets/Scripts/UIGradient.cs
  artifactKey: Guid(29a488aaa16f707479c065ca1ca3c37d) Importer(815301076,1909f56bfc062723c751e8b465ee728b)
Start importing Assets/Scripts/UIGradient.cs using Guid(29a488aaa16f707479c065ca1ca3c37d) Importer(815301076,1909f56bfc062723c751e8b465ee728b)  -> (artifact id: 'f6e600971e98e04406c72da31d06707b') in 0.005991 seconds
  Import took 0.013481 seconds .

========================================================================
Received Import Request.
  Time since last request: 2.597577 seconds.
  path: Assets/Scripts/SpdChange1.cs
  artifactKey: Guid(9ee57bb1df8d1cb49a5aeb8c9be3c351) Importer(815301076,1909f56bfc062723c751e8b465ee728b)
Start importing Assets/Scripts/SpdChange1.cs using Guid(9ee57bb1df8d1cb49a5aeb8c9be3c351) Importer(815301076,1909f56bfc062723c751e8b465ee728b)  -> (artifact id: '9e70abeff846ca027f6607480c88d4df') in 0.005556 seconds
  Import took 0.010594 seconds .

========================================================================
Received Prepare
Registering precompiled user dll's ...
Registered in 0.002151 seconds.
Begin MonoManager ReloadAssembly
Native extension for WindowsStandalone target not found
Native extension for WebGL target not found
Refreshing native plugins compatible for Editor in 0.54 ms, found 1 plugins.
Preloading 0 native plugins for Editor in 0.00 ms.
Mono: successfully reloaded assembly
- Completed reload, in  1.485 seconds
Platform modules already initialized, skipping
Refreshing native plugins compatible for Editor in 0.57 ms, found 1 plugins.
Preloading 0 native plugins for Editor in 0.00 ms.
Unloading 1948 Unused Serialized files (Serialized files now loaded: 0)
System memory in use before: 98.6 MB.
System memory in use after: 98.5 MB.

Unloading 13 unused Assets to reduce memory usage. Loaded Objects now: 2472.
Total: 4.709300 ms (FindLiveObjects: 0.435300 ms CreateObjectMapping: 0.136000 ms MarkObjects: 3.973800 ms  DeleteObjects: 0.162000 ms)

========================================================================
Received Prepare
Registering precompiled user dll's ...
Registered in 0.002080 seconds.
Begin MonoManager ReloadAssembly
Native extension for WindowsStandalone target not found
Native extension for WebGL target not found
Refreshing native plugins compatible for Editor in 0.59 ms, found 1 plugins.
Preloading 0 native plugins for Editor in 0.00 ms.
Mono: successfully reloaded assembly
- Completed reload, in  1.599 seconds
Platform modules already initialized, skipping
Refreshing native plugins compatible for Editor in 0.62 ms, found 1 plugins.
Preloading 0 native plugins for Editor in 0.00 ms.
Unloading 1948 Unused Serialized files (Serialized files now loaded: 0)
System memory in use before: 98.6 MB.
System memory in use after: 98.6 MB.

Unloading 13 unused Assets to reduce memory usage. Loaded Objects now: 2477.
Total: 3.090300 ms (FindLiveObjects: 0.405800 ms CreateObjectMapping: 0.115400 ms MarkObjects: 2.373500 ms  DeleteObjects: 0.193000 ms)

========================================================================
Received Prepare
Registering precompiled user dll's ...
Registered in 0.002893 seconds.
Begin MonoManager ReloadAssembly
Native extension for WindowsStandalone target not found
Native extension for WebGL target not found
Refreshing native plugins compatible for Editor in 0.54 ms, found 1 plugins.
Preloading 0 native plugins for Editor in 0.00 ms.
Mono: successfully reloaded assembly
- Completed reload, in  1.702 seconds
Platform modules already initialized, skipping
Refreshing native plugins compatible for Editor in 0.51 ms, found 1 plugins.
Preloading 0 native plugins for Editor in 0.00 ms.
Unloading 1948 Unused Serialized files (Serialized files now loaded: 0)
System memory in use before: 98.6 MB.
System memory in use after: 98.6 MB.

Unloading 13 unused Assets to reduce memory usage. Loaded Objects now: 2482.
Total: 3.861700 ms (FindLiveObjects: 0.241900 ms CreateObjectMapping: 0.106800 ms MarkObjects: 3.202900 ms  DeleteObjects: 0.300400 ms)

========================================================================
Received Prepare
Registering precompiled user dll's ...
Registered in 0.002573 seconds.
Begin MonoManager ReloadAssembly
Native extension for WindowsStandalone target not found
Native extension for WebGL target not found
Refreshing native plugins compatible for Editor in 0.62 ms, found 1 plugins.
Preloading 0 native plugins for Editor in 0.00 ms.
Mono: successfully reloaded assembly
- Completed reload, in  1.685 seconds
Platform modules already initialized, skipping
Refreshing native plugins compatible for Editor in 0.62 ms, found 1 plugins.
Preloading 0 native plugins for Editor in 0.00 ms.
Unloading 1948 Unused Serialized files (Serialized files now loaded: 0)
System memory in use before: 98.6 MB.
System memory in use after: 98.6 MB.

Unloading 13 unused Assets to reduce memory usage. Loaded Objects now: 2487.
Total: 3.424900 ms (FindLiveObjects: 0.379200 ms CreateObjectMapping: 0.173500 ms MarkObjects: 2.609300 ms  DeleteObjects: 0.260600 ms)

========================================================================
Received Prepare
Registering precompiled user dll's ...
Registered in 0.003363 seconds.
Begin MonoManager ReloadAssembly
Native extension for WindowsStandalone target not found
Native extension for WebGL target not found
Refreshing native plugins compatible for Editor in 0.97 ms, found 1 plugins.
Preloading 0 native plugins for Editor in 0.00 ms.
Mono: successfully reloaded assembly
- Completed reload, in  1.880 seconds
Platform modules already initialized, skipping
Refreshing native plugins compatible for Editor in 0.52 ms, found 1 plugins.
Preloading 0 native plugins for Editor in 0.00 ms.
Unloading 1948 Unused Serialized files (Serialized files now loaded: 0)
System memory in use before: 98.6 MB.
System memory in use after: 98.6 MB.

Unloading 13 unused Assets to reduce memory usage. Loaded Objects now: 2492.
Total: 2.889300 ms (FindLiveObjects: 0.255400 ms CreateObjectMapping: 0.174200 ms MarkObjects: 2.305900 ms  DeleteObjects: 0.152100 ms)

========================================================================
Received Import Request.
  Time since last request: 1137.938428 seconds.
  path: Assets/Scenes/Main.unity
  artifactKey: Guid(bdda8fd0656657d4abaad83619841501) Importer(815301076,1909f56bfc062723c751e8b465ee728b)
Start importing Assets/Scenes/Main.unity using Guid(bdda8fd0656657d4abaad83619841501) Importer(815301076,1909f56bfc062723c751e8b465ee728b)  -> (artifact id: '46c639773f04c01e6724d400ac63a13f') in 0.023059 seconds
  Import took 0.028369 seconds .

========================================================================
Received Prepare
Registering precompiled user dll's ...
Registered in 0.002188 seconds.
Begin MonoManager ReloadAssembly
Native extension for WindowsStandalone target not found
Native extension for WebGL target not found
Refreshing native plugins compatible for Editor in 0.58 ms, found 1 plugins.
Preloading 0 native plugins for Editor in 0.00 ms.
Mono: successfully reloaded assembly
- Completed reload, in  1.614 seconds
Platform modules already initialized, skipping
Refreshing native plugins compatible for Editor in 0.66 ms, found 1 plugins.
Preloading 0 native plugins for Editor in 0.00 ms.
Unloading 1948 Unused Serialized files (Serialized files now loaded: 0)
System memory in use before: 98.6 MB.
System memory in use after: 98.6 MB.

Unloading 13 unused Assets to reduce memory usage. Loaded Objects now: 2497.
Total: 2.956900 ms (FindLiveObjects: 0.226400 ms CreateObjectMapping: 0.091400 ms MarkObjects: 2.463300 ms  DeleteObjects: 0.173400 ms)

========================================================================
Received Prepare
Registering precompiled user dll's ...
Registered in 0.005821 seconds.
Begin MonoManager ReloadAssembly
Native extension for WindowsStandalone target not found
Native extension for WebGL target not found
Refreshing native plugins compatible for Editor in 0.78 ms, found 1 plugins.
Preloading 0 native plugins for Editor in 0.00 ms.
Mono: successfully reloaded assembly
- Completed reload, in  1.758 seconds
Platform modules already initialized, skipping
Refreshing native plugins compatible for Editor in 0.74 ms, found 1 plugins.
Preloading 0 native plugins for Editor in 0.00 ms.
Unloading 1948 Unused Serialized files (Serialized files now loaded: 0)
System memory in use before: 98.6 MB.
System memory in use after: 98.6 MB.

Unloading 13 unused Assets to reduce memory usage. Loaded Objects now: 2502.
Total: 2.798600 ms (FindLiveObjects: 0.236000 ms CreateObjectMapping: 0.091900 ms MarkObjects: 2.313900 ms  DeleteObjects: 0.155300 ms)

========================================================================
Received Prepare
Registering precompiled user dll's ...
Registered in 0.002856 seconds.
Begin MonoManager ReloadAssembly
Native extension for WindowsStandalone target not found
Native extension for WebGL target not found
Refreshing native plugins compatible for Editor in 1.45 ms, found 1 plugins.
Preloading 0 native plugins for Editor in 0.00 ms.
Mono: successfully reloaded assembly
- Completed reload, in  1.766 seconds
Platform modules already initialized, skipping
Refreshing native plugins compatible for Editor in 0.59 ms, found 1 plugins.
Preloading 0 native plugins for Editor in 0.00 ms.
Unloading 1948 Unused Serialized files (Serialized files now loaded: 0)
System memory in use before: 98.7 MB.
System memory in use after: 98.6 MB.

Unloading 13 unused Assets to reduce memory usage. Loaded Objects now: 2507.
Total: 3.206800 ms (FindLiveObjects: 0.245500 ms CreateObjectMapping: 0.093500 ms MarkObjects: 2.712700 ms  DeleteObjects: 0.153000 ms)

========================================================================
Received Prepare
Registering precompiled user dll's ...
Registered in 0.003436 seconds.
Begin MonoManager ReloadAssembly
Native extension for WindowsStandalone target not found
Native extension for WebGL target not found
Refreshing native plugins compatible for Editor in 0.62 ms, found 1 plugins.
Preloading 0 native plugins for Editor in 0.00 ms.
Mono: successfully reloaded assembly
- Completed reload, in  1.804 seconds
Platform modules already initialized, skipping
Refreshing native plugins compatible for Editor in 0.81 ms, found 1 plugins.
Preloading 0 native plugins for Editor in 0.00 ms.
Unloading 1948 Unused Serialized files (Serialized files now loaded: 0)
System memory in use before: 98.7 MB.
System memory in use after: 98.6 MB.

Unloading 13 unused Assets to reduce memory usage. Loaded Objects now: 2512.
Total: 3.354800 ms (FindLiveObjects: 0.285400 ms CreateObjectMapping: 0.112100 ms MarkObjects: 2.796700 ms  DeleteObjects: 0.158200 ms)

========================================================================
Received Prepare
Registering precompiled user dll's ...
Registered in 0.002399 seconds.
Begin MonoManager ReloadAssembly
Native extension for WindowsStandalone target not found
Native extension for WebGL target not found
Refreshing native plugins compatible for Editor in 0.58 ms, found 1 plugins.
Preloading 0 native plugins for Editor in 0.00 ms.
Mono: successfully reloaded assembly
- Completed reload, in  1.970 seconds
Platform modules already initialized, skipping
Refreshing native plugins compatible for Editor in 0.68 ms, found 1 plugins.
Preloading 0 native plugins for Editor in 0.00 ms.
Unloading 1948 Unused Serialized files (Serialized files now loaded: 0)
System memory in use before: 98.7 MB.
System memory in use after: 98.7 MB.

Unloading 13 unused Assets to reduce memory usage. Loaded Objects now: 2517.
Total: 4.185500 ms (FindLiveObjects: 0.380300 ms CreateObjectMapping: 0.091600 ms MarkObjects: 3.491800 ms  DeleteObjects: 0.219600 ms)

========================================================================
Received Prepare
Registering precompiled user dll's ...
Registered in 0.002595 seconds.
Begin MonoManager ReloadAssembly
Native extension for WindowsStandalone target not found
Native extension for WebGL target not found
Refreshing native plugins compatible for Editor in 0.64 ms, found 1 plugins.
Preloading 0 native plugins for Editor in 0.00 ms.
Mono: successfully reloaded assembly
- Completed reload, in  1.912 seconds
Platform modules already initialized, skipping
Refreshing native plugins compatible for Editor in 0.56 ms, found 1 plugins.
Preloading 0 native plugins for Editor in 0.00 ms.
Unloading 1948 Unused Serialized files (Serialized files now loaded: 0)
System memory in use before: 98.7 MB.
System memory in use after: 98.7 MB.

Unloading 13 unused Assets to reduce memory usage. Loaded Objects now: 2522.
Total: 3.327000 ms (FindLiveObjects: 0.268300 ms CreateObjectMapping: 0.090200 ms MarkObjects: 2.681900 ms  DeleteObjects: 0.284100 ms)

========================================================================
Received Prepare
Registering precompiled user dll's ...
Registered in 0.003401 seconds.
Begin MonoManager ReloadAssembly
Native extension for WindowsStandalone target not found
Native extension for WebGL target not found
Refreshing native plugins compatible for Editor in 0.62 ms, found 1 plugins.
Preloading 0 native plugins for Editor in 0.00 ms.
Mono: successfully reloaded assembly
- Completed reload, in  1.787 seconds
Platform modules already initialized, skipping
Refreshing native plugins compatible for Editor in 0.55 ms, found 1 plugins.
Preloading 0 native plugins for Editor in 0.00 ms.
Unloading 1948 Unused Serialized files (Serialized files now loaded: 0)
System memory in use before: 98.7 MB.
System memory in use after: 98.7 MB.

Unloading 13 unused Assets to reduce memory usage. Loaded Objects now: 2527.
Total: 4.160200 ms (FindLiveObjects: 0.403100 ms CreateObjectMapping: 0.092600 ms MarkObjects: 3.464300 ms  DeleteObjects: 0.197900 ms)

========================================================================
Received Prepare
Registering precompiled user dll's ...
Registered in 0.002958 seconds.
Begin MonoManager ReloadAssembly
Native extension for WindowsStandalone target not found
Native extension for WebGL target not found
Refreshing native plugins compatible for Editor in 0.58 ms, found 1 plugins.
Preloading 0 native plugins for Editor in 0.00 ms.
Mono: successfully reloaded assembly
- Completed reload, in  1.606 seconds
Platform modules already initialized, skipping
Refreshing native plugins compatible for Editor in 0.54 ms, found 1 plugins.
Preloading 0 native plugins for Editor in 0.00 ms.
Unloading 1948 Unused Serialized files (Serialized files now loaded: 0)
System memory in use before: 98.7 MB.
System memory in use after: 98.7 MB.

Unloading 13 unused Assets to reduce memory usage. Loaded Objects now: 2532.
Total: 2.896000 ms (FindLiveObjects: 0.265100 ms CreateObjectMapping: 0.088500 ms MarkObjects: 2.389600 ms  DeleteObjects: 0.150600 ms)

========================================================================
Received Prepare
Registering precompiled user dll's ...
Registered in 0.002244 seconds.
Begin MonoManager ReloadAssembly
Native extension for WindowsStandalone target not found
Native extension for WebGL target not found
Refreshing native plugins compatible for Editor in 0.53 ms, found 1 plugins.
Preloading 0 native plugins for Editor in 0.00 ms.
Mono: successfully reloaded assembly
- Completed reload, in  1.533 seconds
Platform modules already initialized, skipping
Refreshing native plugins compatible for Editor in 0.51 ms, found 1 plugins.
Preloading 0 native plugins for Editor in 0.00 ms.
Unloading 1948 Unused Serialized files (Serialized files now loaded: 0)
System memory in use before: 98.7 MB.
System memory in use after: 98.7 MB.

Unloading 13 unused Assets to reduce memory usage. Loaded Objects now: 2537.
Total: 2.871100 ms (FindLiveObjects: 0.237400 ms CreateObjectMapping: 0.089200 ms MarkObjects: 2.373700 ms  DeleteObjects: 0.169200 ms)

========================================================================
Received Prepare
Registering precompiled user dll's ...
Registered in 0.003549 seconds.
Begin MonoManager ReloadAssembly
Native extension for WindowsStandalone target not found
Native extension for WebGL target not found
Refreshing native plugins compatible for Editor in 1.33 ms, found 1 plugins.
Preloading 0 native plugins for Editor in 0.00 ms.
Mono: successfully reloaded assembly
- Completed reload, in  2.150 seconds
Platform modules already initialized, skipping
Refreshing native plugins compatible for Editor in 0.64 ms, found 1 plugins.
Preloading 0 native plugins for Editor in 0.00 ms.
Unloading 1948 Unused Serialized files (Serialized files now loaded: 0)
System memory in use before: 98.7 MB.
System memory in use after: 98.7 MB.

Unloading 13 unused Assets to reduce memory usage. Loaded Objects now: 2542.
Total: 4.532500 ms (FindLiveObjects: 0.740400 ms CreateObjectMapping: 0.192300 ms MarkObjects: 3.388000 ms  DeleteObjects: 0.208300 ms)

========================================================================
Received Prepare
Registering precompiled user dll's ...
Registered in 0.002754 seconds.
Begin MonoManager ReloadAssembly
Native extension for WindowsStandalone target not found
Native extension for WebGL target not found
Refreshing native plugins compatible for Editor in 0.55 ms, found 1 plugins.
Preloading 0 native plugins for Editor in 0.00 ms.
Mono: successfully reloaded assembly
- Completed reload, in  1.704 seconds
Platform modules already initialized, skipping
Refreshing native plugins compatible for Editor in 0.62 ms, found 1 plugins.
Preloading 0 native plugins for Editor in 0.00 ms.
Unloading 1948 Unused Serialized files (Serialized files now loaded: 0)
System memory in use before: 98.7 MB.
System memory in use after: 98.7 MB.

Unloading 13 unused Assets to reduce memory usage. Loaded Objects now: 2547.
Total: 4.841400 ms (FindLiveObjects: 0.407200 ms CreateObjectMapping: 0.236500 ms MarkObjects: 3.971200 ms  DeleteObjects: 0.222800 ms)

========================================================================
Received Prepare
Registering precompiled user dll's ...
Registered in 0.002735 seconds.
Begin MonoManager ReloadAssembly
Native extension for WindowsStandalone target not found
Native extension for WebGL target not found
Refreshing native plugins compatible for Editor in 0.58 ms, found 1 plugins.
Preloading 0 native plugins for Editor in 0.00 ms.
Mono: successfully reloaded assembly
- Completed reload, in  1.669 seconds
Platform modules already initialized, skipping
Refreshing native plugins compatible for Editor in 0.64 ms, found 1 plugins.
Preloading 0 native plugins for Editor in 0.00 ms.
Unloading 1948 Unused Serialized files (Serialized files now loaded: 0)
System memory in use before: 98.8 MB.
System memory in use after: 98.7 MB.

Unloading 13 unused Assets to reduce memory usage. Loaded Objects now: 2552.
Total: 4.774400 ms (FindLiveObjects: 0.489400 ms CreateObjectMapping: 0.169200 ms MarkObjects: 3.931800 ms  DeleteObjects: 0.181300 ms)

========================================================================
Received Prepare
Registering precompiled user dll's ...
Registered in 0.002408 seconds.
Begin MonoManager ReloadAssembly
Native extension for WindowsStandalone target not found
Native extension for WebGL target not found
Refreshing native plugins compatible for Editor in 0.67 ms, found 1 plugins.
Preloading 0 native plugins for Editor in 0.00 ms.
Mono: successfully reloaded assembly
- Completed reload, in  1.800 seconds
Platform modules already initialized, skipping
Refreshing native plugins compatible for Editor in 1.10 ms, found 1 plugins.
Preloading 0 native plugins for Editor in 0.00 ms.
Unloading 1948 Unused Serialized files (Serialized files now loaded: 0)
System memory in use before: 98.8 MB.
System memory in use after: 98.7 MB.

Unloading 13 unused Assets to reduce memory usage. Loaded Objects now: 2557.
Total: 4.935800 ms (FindLiveObjects: 0.358500 ms CreateObjectMapping: 0.111500 ms MarkObjects: 4.251800 ms  DeleteObjects: 0.211500 ms)

========================================================================
Received Prepare
Registering precompiled user dll's ...
Registered in 0.002162 seconds.
Begin MonoManager ReloadAssembly
Native extension for WindowsStandalone target not found
Native extension for WebGL target not found
Refreshing native plugins compatible for Editor in 0.62 ms, found 1 plugins.
Preloading 0 native plugins for Editor in 0.00 ms.
Mono: successfully reloaded assembly
- Completed reload, in  1.574 seconds
Platform modules already initialized, skipping
Refreshing native plugins compatible for Editor in 0.54 ms, found 1 plugins.
Preloading 0 native plugins for Editor in 0.00 ms.
Unloading 1948 Unused Serialized files (Serialized files now loaded: 0)
System memory in use before: 98.8 MB.
System memory in use after: 98.8 MB.

Unloading 13 unused Assets to reduce memory usage. Loaded Objects now: 2562.
Total: 3.539400 ms (FindLiveObjects: 0.321700 ms CreateObjectMapping: 0.110400 ms MarkObjects: 2.891100 ms  DeleteObjects: 0.213400 ms)

========================================================================
Received Prepare
Registering precompiled user dll's ...
Registered in 0.002370 seconds.
Begin MonoManager ReloadAssembly
Native extension for WindowsStandalone target not found
Native extension for WebGL target not found
Refreshing native plugins compatible for Editor in 0.54 ms, found 1 plugins.
Preloading 0 native plugins for Editor in 0.00 ms.
Mono: successfully reloaded assembly
- Completed reload, in  1.608 seconds
Platform modules already initialized, skipping
Refreshing native plugins compatible for Editor in 0.55 ms, found 1 plugins.
Preloading 0 native plugins for Editor in 0.00 ms.
Unloading 1948 Unused Serialized files (Serialized files now loaded: 0)
System memory in use before: 98.8 MB.
System memory in use after: 98.8 MB.

Unloading 13 unused Assets to reduce memory usage. Loaded Objects now: 2567.
Total: 3.266500 ms (FindLiveObjects: 0.269900 ms CreateObjectMapping: 0.106500 ms MarkObjects: 2.707200 ms  DeleteObjects: 0.179800 ms)

========================================================================
Received Prepare
Registering precompiled user dll's ...
Registered in 0.002282 seconds.
Begin MonoManager ReloadAssembly
Native extension for WindowsStandalone target not found
Native extension for WebGL target not found
Refreshing native plugins compatible for Editor in 0.57 ms, found 1 plugins.
Preloading 0 native plugins for Editor in 0.00 ms.
Mono: successfully reloaded assembly
- Completed reload, in  1.567 seconds
Platform modules already initialized, skipping
Refreshing native plugins compatible for Editor in 0.55 ms, found 1 plugins.
Preloading 0 native plugins for Editor in 0.00 ms.
Unloading 1948 Unused Serialized files (Serialized files now loaded: 0)
System memory in use before: 98.8 MB.
System memory in use after: 98.8 MB.

Unloading 13 unused Assets to reduce memory usage. Loaded Objects now: 2572.
Total: 4.022100 ms (FindLiveObjects: 0.318700 ms CreateObjectMapping: 0.112100 ms MarkObjects: 3.414700 ms  DeleteObjects: 0.174100 ms)

========================================================================
Received Prepare
Registering precompiled user dll's ...
Registered in 0.002876 seconds.
Begin MonoManager ReloadAssembly
Native extension for WindowsStandalone target not found
Native extension for WebGL target not found
Refreshing native plugins compatible for Editor in 0.55 ms, found 1 plugins.
Preloading 0 native plugins for Editor in 0.00 ms.
Mono: successfully reloaded assembly
- Completed reload, in  1.573 seconds
Platform modules already initialized, skipping
Refreshing native plugins compatible for Editor in 0.76 ms, found 1 plugins.
Preloading 0 native plugins for Editor in 0.00 ms.
Unloading 1948 Unused Serialized files (Serialized files now loaded: 0)
System memory in use before: 98.8 MB.
System memory in use after: 98.8 MB.

Unloading 13 unused Assets to reduce memory usage. Loaded Objects now: 2577.
Total: 4.640100 ms (FindLiveObjects: 1.236100 ms CreateObjectMapping: 0.264100 ms MarkObjects: 2.947900 ms  DeleteObjects: 0.187800 ms)

========================================================================
Received Prepare
Registering precompiled user dll's ...
Registered in 0.002185 seconds.
Begin MonoManager ReloadAssembly
Native extension for WindowsStandalone target not found
Native extension for WebGL target not found
Refreshing native plugins compatible for Editor in 0.57 ms, found 1 plugins.
Preloading 0 native plugins for Editor in 0.00 ms.
Mono: successfully reloaded assembly
- Completed reload, in  1.882 seconds
Platform modules already initialized, skipping
Refreshing native plugins compatible for Editor in 1.33 ms, found 1 plugins.
Preloading 0 native plugins for Editor in 0.00 ms.
Unloading 1948 Unused Serialized files (Serialized files now loaded: 0)
System memory in use before: 98.8 MB.
System memory in use after: 98.8 MB.

Unloading 13 unused Assets to reduce memory usage. Loaded Objects now: 2582.
Total: 3.917000 ms (FindLiveObjects: 0.303300 ms CreateObjectMapping: 0.119200 ms MarkObjects: 3.319500 ms  DeleteObjects: 0.172700 ms)

========================================================================
Received Prepare
Registering precompiled user dll's ...
Registered in 0.002174 seconds.
Begin MonoManager ReloadAssembly
Native extension for WindowsStandalone target not found
Native extension for WebGL target not found
Refreshing native plugins compatible for Editor in 1.56 ms, found 1 plugins.
Preloading 0 native plugins for Editor in 0.00 ms.
Mono: successfully reloaded assembly
- Completed reload, in  2.005 seconds
Platform modules already initialized, skipping
Refreshing native plugins compatible for Editor in 0.60 ms, found 1 plugins.
Preloading 0 native plugins for Editor in 0.00 ms.
Unloading 1948 Unused Serialized files (Serialized files now loaded: 0)
System memory in use before: 98.8 MB.
System memory in use after: 98.8 MB.

Unloading 13 unused Assets to reduce memory usage. Loaded Objects now: 2587.
Total: 3.173400 ms (FindLiveObjects: 0.267100 ms CreateObjectMapping: 0.096300 ms MarkObjects: 2.623400 ms  DeleteObjects: 0.184800 ms)

========================================================================
Received Prepare
Registering precompiled user dll's ...
Registered in 0.002928 seconds.
Begin MonoManager ReloadAssembly
Native extension for WindowsStandalone target not found
Native extension for WebGL target not found
Refreshing native plugins compatible for Editor in 0.52 ms, found 1 plugins.
Preloading 0 native plugins for Editor in 0.00 ms.
Mono: successfully reloaded assembly
- Completed reload, in  1.667 seconds
Platform modules already initialized, skipping
Refreshing native plugins compatible for Editor in 0.57 ms, found 1 plugins.
Preloading 0 native plugins for Editor in 0.00 ms.
Unloading 1948 Unused Serialized files (Serialized files now loaded: 0)
System memory in use before: 98.9 MB.
System memory in use after: 98.8 MB.

Unloading 13 unused Assets to reduce memory usage. Loaded Objects now: 2592.
Total: 4.344500 ms (FindLiveObjects: 0.349800 ms CreateObjectMapping: 0.113200 ms MarkObjects: 3.674800 ms  DeleteObjects: 0.203500 ms)

========================================================================
Received Prepare
Registering precompiled user dll's ...
Registered in 0.002415 seconds.
Begin MonoManager ReloadAssembly
Native extension for WindowsStandalone target not found
Native extension for WebGL target not found
Refreshing native plugins compatible for Editor in 0.56 ms, found 1 plugins.
Preloading 0 native plugins for Editor in 0.00 ms.
Mono: successfully reloaded assembly
- Completed reload, in  1.538 seconds
Platform modules already initialized, skipping
Refreshing native plugins compatible for Editor in 0.66 ms, found 1 plugins.
Preloading 0 native plugins for Editor in 0.00 ms.
Unloading 1948 Unused Serialized files (Serialized files now loaded: 0)
System memory in use before: 98.9 MB.
System memory in use after: 98.8 MB.

Unloading 13 unused Assets to reduce memory usage. Loaded Objects now: 2597.
Total: 2.899900 ms (FindLiveObjects: 0.251700 ms CreateObjectMapping: 0.088900 ms MarkObjects: 2.405400 ms  DeleteObjects: 0.152300 ms)

========================================================================
Received Prepare
Registering precompiled user dll's ...
Registered in 0.002977 seconds.
Begin MonoManager ReloadAssembly
Native extension for WindowsStandalone target not found
Native extension for WebGL target not found
Refreshing native plugins compatible for Editor in 0.66 ms, found 1 plugins.
Preloading 0 native plugins for Editor in 0.00 ms.
Mono: successfully reloaded assembly
- Completed reload, in  1.674 seconds
Platform modules already initialized, skipping
Refreshing native plugins compatible for Editor in 0.53 ms, found 1 plugins.
Preloading 0 native plugins for Editor in 0.00 ms.
Unloading 1948 Unused Serialized files (Serialized files now loaded: 0)
System memory in use before: 98.9 MB.
System memory in use after: 98.9 MB.

Unloading 13 unused Assets to reduce memory usage. Loaded Objects now: 2602.
Total: 4.716000 ms (FindLiveObjects: 0.579200 ms CreateObjectMapping: 0.151700 ms MarkObjects: 3.787300 ms  DeleteObjects: 0.186600 ms)

========================================================================
Received Prepare
Registering precompiled user dll's ...
Registered in 0.004722 seconds.
Begin MonoManager ReloadAssembly
Native extension for WindowsStandalone target not found
Native extension for WebGL target not found
Refreshing native plugins compatible for Editor in 0.66 ms, found 1 plugins.
Preloading 0 native plugins for Editor in 0.00 ms.
Mono: successfully reloaded assembly
- Completed reload, in  1.837 seconds
Platform modules already initialized, skipping
Refreshing native plugins compatible for Editor in 0.84 ms, found 1 plugins.
Preloading 0 native plugins for Editor in 0.00 ms.
Unloading 1948 Unused Serialized files (Serialized files now loaded: 0)
System memory in use before: 98.9 MB.
System memory in use after: 98.9 MB.

Unloading 13 unused Assets to reduce memory usage. Loaded Objects now: 2607.
Total: 4.917400 ms (FindLiveObjects: 0.836700 ms CreateObjectMapping: 0.416100 ms MarkObjects: 3.443800 ms  DeleteObjects: 0.215800 ms)

========================================================================
Received Prepare
Registering precompiled user dll's ...
Registered in 0.002786 seconds.
Begin MonoManager ReloadAssembly
Native extension for WindowsStandalone target not found
Native extension for WebGL target not found
Refreshing native plugins compatible for Editor in 0.64 ms, found 1 plugins.
Preloading 0 native plugins for Editor in 0.00 ms.
Mono: successfully reloaded assembly
- Completed reload, in  2.096 seconds
Platform modules already initialized, skipping
Refreshing native plugins compatible for Editor in 0.53 ms, found 1 plugins.
Preloading 0 native plugins for Editor in 0.00 ms.
Unloading 1948 Unused Serialized files (Serialized files now loaded: 0)
System memory in use before: 98.9 MB.
System memory in use after: 98.9 MB.

Unloading 13 unused Assets to reduce memory usage. Loaded Objects now: 2612.
Total: 21.495000 ms (FindLiveObjects: 0.412400 ms CreateObjectMapping: 0.092900 ms MarkObjects: 20.602900 ms  DeleteObjects: 0.384000 ms)

========================================================================
Received Prepare
Registering precompiled user dll's ...
Registered in 0.003638 seconds.
Begin MonoManager ReloadAssembly
Native extension for WindowsStandalone target not found
Native extension for WebGL target not found
Refreshing native plugins compatible for Editor in 0.58 ms, found 1 plugins.
Preloading 0 native plugins for Editor in 0.00 ms.
Mono: successfully reloaded assembly
- Completed reload, in  2.006 seconds
Platform modules already initialized, skipping
Refreshing native plugins compatible for Editor in 0.86 ms, found 1 plugins.
Preloading 0 native plugins for Editor in 0.00 ms.
Unloading 1948 Unused Serialized files (Serialized files now loaded: 0)
System memory in use before: 98.9 MB.
System memory in use after: 98.9 MB.

Unloading 13 unused Assets to reduce memory usage. Loaded Objects now: 2617.
Total: 3.388800 ms (FindLiveObjects: 0.428200 ms CreateObjectMapping: 0.119800 ms MarkObjects: 2.673800 ms  DeleteObjects: 0.164500 ms)

========================================================================
Received Prepare
Registering precompiled user dll's ...
Registered in 0.002869 seconds.
Begin MonoManager ReloadAssembly
Native extension for WindowsStandalone target not found
Native extension for WebGL target not found
Refreshing native plugins compatible for Editor in 0.65 ms, found 1 plugins.
Preloading 0 native plugins for Editor in 0.00 ms.
Mono: successfully reloaded assembly
- Completed reload, in  2.005 seconds
Platform modules already initialized, skipping
Refreshing native plugins compatible for Editor in 1.28 ms, found 1 plugins.
Preloading 0 native plugins for Editor in 0.00 ms.
Unloading 1948 Unused Serialized files (Serialized files now loaded: 0)
System memory in use before: 98.9 MB.
System memory in use after: 98.9 MB.

Unloading 13 unused Assets to reduce memory usage. Loaded Objects now: 2622.
Total: 7.771100 ms (FindLiveObjects: 0.681300 ms CreateObjectMapping: 0.231700 ms MarkObjects: 6.668200 ms  DeleteObjects: 0.186800 ms)

========================================================================
Received Prepare
Registering precompiled user dll's ...
Registered in 0.003756 seconds.
Begin MonoManager ReloadAssembly
Native extension for WindowsStandalone target not found
Native extension for WebGL target not found
Refreshing native plugins compatible for Editor in 0.89 ms, found 1 plugins.
Preloading 0 native plugins for Editor in 0.00 ms.
Mono: successfully reloaded assembly
- Completed reload, in  1.728 seconds
Platform modules already initialized, skipping
Refreshing native plugins compatible for Editor in 0.54 ms, found 1 plugins.
Preloading 0 native plugins for Editor in 0.00 ms.
Unloading 1948 Unused Serialized files (Serialized files now loaded: 0)
System memory in use before: 98.9 MB.
System memory in use after: 98.9 MB.

Unloading 13 unused Assets to reduce memory usage. Loaded Objects now: 2627.
Total: 3.434700 ms (FindLiveObjects: 0.449200 ms CreateObjectMapping: 0.090300 ms MarkObjects: 2.725900 ms  DeleteObjects: 0.166800 ms)

========================================================================
Received Prepare
Registering precompiled user dll's ...
Registered in 0.002287 seconds.
Begin MonoManager ReloadAssembly
Native extension for WindowsStandalone target not found
Native extension for WebGL target not found
Refreshing native plugins compatible for Editor in 0.58 ms, found 1 plugins.
Preloading 0 native plugins for Editor in 0.00 ms.
Mono: successfully reloaded assembly
- Completed reload, in  1.660 seconds
Platform modules already initialized, skipping
Refreshing native plugins compatible for Editor in 0.61 ms, found 1 plugins.
Preloading 0 native plugins for Editor in 0.00 ms.
Unloading 1948 Unused Serialized files (Serialized files now loaded: 0)
System memory in use before: 98.9 MB.
System memory in use after: 98.9 MB.

Unloading 13 unused Assets to reduce memory usage. Loaded Objects now: 2632.
Total: 3.487200 ms (FindLiveObjects: 0.331100 ms CreateObjectMapping: 0.092900 ms MarkObjects: 2.900800 ms  DeleteObjects: 0.159900 ms)

========================================================================
Received Prepare
Registering precompiled user dll's ...
Registered in 0.002580 seconds.
Begin MonoManager ReloadAssembly
Native extension for WindowsStandalone target not found
Native extension for WebGL target not found
Refreshing native plugins compatible for Editor in 0.86 ms, found 1 plugins.
Preloading 0 native plugins for Editor in 0.00 ms.
Mono: successfully reloaded assembly
- Completed reload, in  2.198 seconds
Platform modules already initialized, skipping
Refreshing native plugins compatible for Editor in 1.01 ms, found 1 plugins.
Preloading 0 native plugins for Editor in 0.00 ms.
Unloading 1948 Unused Serialized files (Serialized files now loaded: 0)
System memory in use before: 99.0 MB.
System memory in use after: 98.9 MB.

Unloading 13 unused Assets to reduce memory usage. Loaded Objects now: 2637.
Total: 4.792900 ms (FindLiveObjects: 0.625600 ms CreateObjectMapping: 0.226200 ms MarkObjects: 3.671200 ms  DeleteObjects: 0.266800 ms)

========================================================================
Received Prepare
Registering precompiled user dll's ...
Registered in 0.002146 seconds.
Begin MonoManager ReloadAssembly
Native extension for WindowsStandalone target not found
Native extension for WebGL target not found
Refreshing native plugins compatible for Editor in 0.72 ms, found 1 plugins.
Preloading 0 native plugins for Editor in 0.00 ms.
Mono: successfully reloaded assembly
- Completed reload, in  1.866 seconds
Platform modules already initialized, skipping
Refreshing native plugins compatible for Editor in 0.68 ms, found 1 plugins.
Preloading 0 native plugins for Editor in 0.00 ms.
Unloading 1948 Unused Serialized files (Serialized files now loaded: 0)
System memory in use before: 99.0 MB.
System memory in use after: 98.9 MB.

Unloading 13 unused Assets to reduce memory usage. Loaded Objects now: 2642.
Total: 4.142000 ms (FindLiveObjects: 0.510200 ms CreateObjectMapping: 0.159800 ms MarkObjects: 3.275000 ms  DeleteObjects: 0.193700 ms)

========================================================================
Received Prepare
Registering precompiled user dll's ...
Registered in 0.002160 seconds.
Begin MonoManager ReloadAssembly
Native extension for WindowsStandalone target not found
Native extension for WebGL target not found
Refreshing native plugins compatible for Editor in 0.97 ms, found 1 plugins.
Preloading 0 native plugins for Editor in 0.00 ms.
Mono: successfully reloaded assembly
- Completed reload, in  1.924 seconds
Platform modules already initialized, skipping
Refreshing native plugins compatible for Editor in 0.59 ms, found 1 plugins.
Preloading 0 native plugins for Editor in 0.00 ms.
Unloading 1948 Unused Serialized files (Serialized files now loaded: 0)
System memory in use before: 99.0 MB.
System memory in use after: 99.0 MB.

Unloading 13 unused Assets to reduce memory usage. Loaded Objects now: 2647.
Total: 3.050300 ms (FindLiveObjects: 0.324300 ms CreateObjectMapping: 0.090900 ms MarkObjects: 2.475400 ms  DeleteObjects: 0.157200 ms)

========================================================================
Received Prepare
Registering precompiled user dll's ...
Registered in 0.002165 seconds.
Begin MonoManager ReloadAssembly
Native extension for WindowsStandalone target not found
Native extension for WebGL target not found
Refreshing native plugins compatible for Editor in 0.52 ms, found 1 plugins.
Preloading 0 native plugins for Editor in 0.00 ms.
Mono: successfully reloaded assembly
- Completed reload, in  1.582 seconds
Platform modules already initialized, skipping
Refreshing native plugins compatible for Editor in 0.53 ms, found 1 plugins.
Preloading 0 native plugins for Editor in 0.00 ms.
Unloading 1948 Unused Serialized files (Serialized files now loaded: 0)
System memory in use before: 99.0 MB.
System memory in use after: 99.0 MB.

Unloading 13 unused Assets to reduce memory usage. Loaded Objects now: 2652.
Total: 3.196400 ms (FindLiveObjects: 0.425800 ms CreateObjectMapping: 0.101400 ms MarkObjects: 2.507500 ms  DeleteObjects: 0.159600 ms)

========================================================================
Received Prepare
Registering precompiled user dll's ...
Registered in 0.002347 seconds.
Begin MonoManager ReloadAssembly
Native extension for WindowsStandalone target not found
Native extension for WebGL target not found
Refreshing native plugins compatible for Editor in 0.61 ms, found 1 plugins.
Preloading 0 native plugins for Editor in 0.00 ms.
Mono: successfully reloaded assembly
- Completed reload, in  1.861 seconds
Platform modules already initialized, skipping
Refreshing native plugins compatible for Editor in 0.58 ms, found 1 plugins.
Preloading 0 native plugins for Editor in 0.00 ms.
Unloading 1948 Unused Serialized files (Serialized files now loaded: 0)
System memory in use before: 99.0 MB.
System memory in use after: 99.0 MB.

Unloading 13 unused Assets to reduce memory usage. Loaded Objects now: 2657.
Total: 4.874500 ms (FindLiveObjects: 0.311200 ms CreateObjectMapping: 0.114400 ms MarkObjects: 4.255900 ms  DeleteObjects: 0.190300 ms)

========================================================================
Received Prepare
Registering precompiled user dll's ...
Registered in 0.002399 seconds.
Begin MonoManager ReloadAssembly
Native extension for WindowsStandalone target not found
Native extension for WebGL target not found
Refreshing native plugins compatible for Editor in 0.55 ms, found 1 plugins.
Preloading 0 native plugins for Editor in 0.00 ms.
Mono: successfully reloaded assembly
- Completed reload, in  1.714 seconds
Platform modules already initialized, skipping
Refreshing native plugins compatible for Editor in 0.94 ms, found 1 plugins.
Preloading 0 native plugins for Editor in 0.00 ms.
Unloading 1948 Unused Serialized files (Serialized files now loaded: 0)
System memory in use before: 99.0 MB.
System memory in use after: 99.0 MB.

Unloading 13 unused Assets to reduce memory usage. Loaded Objects now: 2662.
Total: 5.022100 ms (FindLiveObjects: 0.405400 ms CreateObjectMapping: 0.099400 ms MarkObjects: 4.134900 ms  DeleteObjects: 0.379900 ms)

========================================================================
Received Prepare
Registering precompiled user dll's ...
Registered in 0.002719 seconds.
Begin MonoManager ReloadAssembly
Native extension for WindowsStandalone target not found
Native extension for WebGL target not found
Refreshing native plugins compatible for Editor in 0.71 ms, found 1 plugins.
Preloading 0 native plugins for Editor in 0.00 ms.
Mono: successfully reloaded assembly
- Completed reload, in  1.984 seconds
Platform modules already initialized, skipping
Refreshing native plugins compatible for Editor in 0.67 ms, found 1 plugins.
Preloading 0 native plugins for Editor in 0.00 ms.
Unloading 1948 Unused Serialized files (Serialized files now loaded: 0)
System memory in use before: 99.0 MB.
System memory in use after: 99.0 MB.

Unloading 13 unused Assets to reduce memory usage. Loaded Objects now: 2667.
Total: 4.629300 ms (FindLiveObjects: 0.608300 ms CreateObjectMapping: 0.182500 ms MarkObjects: 3.618500 ms  DeleteObjects: 0.217200 ms)

========================================================================
Received Prepare
Registering precompiled user dll's ...
Registered in 0.002956 seconds.
Begin MonoManager ReloadAssembly
Native extension for WindowsStandalone target not found
Native extension for WebGL target not found
Refreshing native plugins compatible for Editor in 0.80 ms, found 1 plugins.
Preloading 0 native plugins for Editor in 0.00 ms.
Mono: successfully reloaded assembly
- Completed reload, in  1.938 seconds
Platform modules already initialized, skipping
Refreshing native plugins compatible for Editor in 0.74 ms, found 1 plugins.
Preloading 0 native plugins for Editor in 0.00 ms.
Unloading 1948 Unused Serialized files (Serialized files now loaded: 0)
System memory in use before: 99.0 MB.
System memory in use after: 99.0 MB.

Unloading 13 unused Assets to reduce memory usage. Loaded Objects now: 2672.
Total: 4.818300 ms (FindLiveObjects: 0.545800 ms CreateObjectMapping: 0.194400 ms MarkObjects: 3.731900 ms  DeleteObjects: 0.342200 ms)

========================================================================
Received Prepare
Registering precompiled user dll's ...
Registered in 0.002167 seconds.
Begin MonoManager ReloadAssembly
Native extension for WindowsStandalone target not found
Native extension for WebGL target not found
Refreshing native plugins compatible for Editor in 0.63 ms, found 1 plugins.
Preloading 0 native plugins for Editor in 0.00 ms.
Mono: successfully reloaded assembly
- Completed reload, in  1.790 seconds
Platform modules already initialized, skipping
Refreshing native plugins compatible for Editor in 0.54 ms, found 1 plugins.
Preloading 0 native plugins for Editor in 0.00 ms.
Unloading 1948 Unused Serialized files (Serialized files now loaded: 0)
System memory in use before: 99.0 MB.
System memory in use after: 99.0 MB.

Unloading 13 unused Assets to reduce memory usage. Loaded Objects now: 2677.
Total: 3.650700 ms (FindLiveObjects: 0.299500 ms CreateObjectMapping: 0.113900 ms MarkObjects: 3.060300 ms  DeleteObjects: 0.174600 ms)

========================================================================
Received Prepare
Registering precompiled user dll's ...
Registered in 0.002508 seconds.
Begin MonoManager ReloadAssembly
Native extension for WindowsStandalone target not found
Native extension for WebGL target not found
Refreshing native plugins compatible for Editor in 0.59 ms, found 1 plugins.
Preloading 0 native plugins for Editor in 0.00 ms.
Mono: successfully reloaded assembly
- Completed reload, in  2.075 seconds
Platform modules already initialized, skipping
Refreshing native plugins compatible for Editor in 0.59 ms, found 1 plugins.
Preloading 0 native plugins for Editor in 0.00 ms.
Unloading 1948 Unused Serialized files (Serialized files now loaded: 0)
System memory in use before: 99.1 MB.
System memory in use after: 99.1 MB.

Unloading 13 unused Assets to reduce memory usage. Loaded Objects now: 2682.
Total: 4.343600 ms (FindLiveObjects: 0.357200 ms CreateObjectMapping: 0.134300 ms MarkObjects: 3.557200 ms  DeleteObjects: 0.291800 ms)

========================================================================
Received Prepare
Registering precompiled user dll's ...
Registered in 0.004055 seconds.
Begin MonoManager ReloadAssembly
Native extension for WindowsStandalone target not found
Native extension for WebGL target not found
Refreshing native plugins compatible for Editor in 1.75 ms, found 1 plugins.
Preloading 0 native plugins for Editor in 0.00 ms.
Mono: successfully reloaded assembly
- Completed reload, in  1.986 seconds
Platform modules already initialized, skipping
Refreshing native plugins compatible for Editor in 0.61 ms, found 1 plugins.
Preloading 0 native plugins for Editor in 0.00 ms.
Unloading 1948 Unused Serialized files (Serialized files now loaded: 0)
System memory in use before: 99.1 MB.
System memory in use after: 99.0 MB.

Unloading 13 unused Assets to reduce memory usage. Loaded Objects now: 2687.
Total: 4.186600 ms (FindLiveObjects: 0.345700 ms CreateObjectMapping: 0.148100 ms MarkObjects: 3.402200 ms  DeleteObjects: 0.288300 ms)

========================================================================
Received Prepare
Registering precompiled user dll's ...
Registered in 0.002802 seconds.
Begin MonoManager ReloadAssembly
Native extension for WindowsStandalone target not found
Native extension for WebGL target not found
Refreshing native plugins compatible for Editor in 0.85 ms, found 1 plugins.
Preloading 0 native plugins for Editor in 0.00 ms.
Mono: successfully reloaded assembly
- Completed reload, in  1.957 seconds
Platform modules already initialized, skipping
Refreshing native plugins compatible for Editor in 0.68 ms, found 1 plugins.
Preloading 0 native plugins for Editor in 0.00 ms.
Unloading 1948 Unused Serialized files (Serialized files now loaded: 0)
System memory in use before: 99.1 MB.
System memory in use after: 99.1 MB.

Unloading 13 unused Assets to reduce memory usage. Loaded Objects now: 2692.
Total: 5.836800 ms (FindLiveObjects: 0.437200 ms CreateObjectMapping: 0.135100 ms MarkObjects: 4.983800 ms  DeleteObjects: 0.277900 ms)

========================================================================
Received Prepare
Registering precompiled user dll's ...
Registered in 0.002867 seconds.
Begin MonoManager ReloadAssembly
Native extension for WindowsStandalone target not found
Native extension for WebGL target not found
Refreshing native plugins compatible for Editor in 0.84 ms, found 1 plugins.
Preloading 0 native plugins for Editor in 0.00 ms.
Mono: successfully reloaded assembly
- Completed reload, in  2.072 seconds
Platform modules already initialized, skipping
Refreshing native plugins compatible for Editor in 0.62 ms, found 1 plugins.
Preloading 0 native plugins for Editor in 0.00 ms.
Unloading 1948 Unused Serialized files (Serialized files now loaded: 0)
System memory in use before: 99.1 MB.
System memory in use after: 99.1 MB.

Unloading 13 unused Assets to reduce memory usage. Loaded Objects now: 2697.
Total: 5.274400 ms (FindLiveObjects: 0.384200 ms CreateObjectMapping: 0.104000 ms MarkObjects: 4.562000 ms  DeleteObjects: 0.220800 ms)

========================================================================
Received Prepare
Registering precompiled user dll's ...
Registered in 0.003142 seconds.
Begin MonoManager ReloadAssembly
Native extension for WindowsStandalone target not found
Native extension for WebGL target not found
Refreshing native plugins compatible for Editor in 0.82 ms, found 1 plugins.
Preloading 0 native plugins for Editor in 0.00 ms.
Mono: successfully reloaded assembly
- Completed reload, in  2.119 seconds
Platform modules already initialized, skipping
Refreshing native plugins compatible for Editor in 0.96 ms, found 1 plugins.
Preloading 0 native plugins for Editor in 0.00 ms.
Unloading 1948 Unused Serialized files (Serialized files now loaded: 0)
System memory in use before: 99.2 MB.
System memory in use after: 99.2 MB.

Unloading 13 unused Assets to reduce memory usage. Loaded Objects now: 2702.
Total: 9.010500 ms (FindLiveObjects: 0.443200 ms CreateObjectMapping: 0.178600 ms MarkObjects: 8.183500 ms  DeleteObjects: 0.202500 ms)

========================================================================
Received Prepare
Registering precompiled user dll's ...
Registered in 0.002427 seconds.
Begin MonoManager ReloadAssembly
Native extension for WindowsStandalone target not found
Native extension for WebGL target not found
Refreshing native plugins compatible for Editor in 0.70 ms, found 1 plugins.
Preloading 0 native plugins for Editor in 0.00 ms.
Mono: successfully reloaded assembly
- Completed reload, in  2.063 seconds
Platform modules already initialized, skipping
Refreshing native plugins compatible for Editor in 0.74 ms, found 1 plugins.
Preloading 0 native plugins for Editor in 0.00 ms.
Unloading 1948 Unused Serialized files (Serialized files now loaded: 0)
System memory in use before: 99.1 MB.
System memory in use after: 99.1 MB.

Unloading 13 unused Assets to reduce memory usage. Loaded Objects now: 2707.
Total: 3.832300 ms (FindLiveObjects: 0.498800 ms CreateObjectMapping: 0.153800 ms MarkObjects: 2.984200 ms  DeleteObjects: 0.189600 ms)

========================================================================
Received Prepare
Registering precompiled user dll's ...
Registered in 0.002601 seconds.
Begin MonoManager ReloadAssembly
Native extension for WindowsStandalone target not found
Native extension for WebGL target not found
Refreshing native plugins compatible for Editor in 1.27 ms, found 1 plugins.
Preloading 0 native plugins for Editor in 0.00 ms.
Mono: successfully reloaded assembly
- Completed reload, in  1.893 seconds
Platform modules already initialized, skipping
Refreshing native plugins compatible for Editor in 0.60 ms, found 1 plugins.
Preloading 0 native plugins for Editor in 0.00 ms.
Unloading 1948 Unused Serialized files (Serialized files now loaded: 0)
System memory in use before: 99.2 MB.
System memory in use after: 99.2 MB.

Unloading 13 unused Assets to reduce memory usage. Loaded Objects now: 2712.
Total: 3.203300 ms (FindLiveObjects: 0.346700 ms CreateObjectMapping: 0.092400 ms MarkObjects: 2.605700 ms  DeleteObjects: 0.156100 ms)

========================================================================
Received Prepare
Registering precompiled user dll's ...
Registered in 0.003270 seconds.
Begin MonoManager ReloadAssembly
Native extension for WindowsStandalone target not found
Native extension for WebGL target not found
Refreshing native plugins compatible for Editor in 0.58 ms, found 1 plugins.
Preloading 0 native plugins for Editor in 0.00 ms.
Mono: successfully reloaded assembly
- Completed reload, in  1.983 seconds
Platform modules already initialized, skipping
Refreshing native plugins compatible for Editor in 0.63 ms, found 1 plugins.
Preloading 0 native plugins for Editor in 0.00 ms.
Unloading 1948 Unused Serialized files (Serialized files now loaded: 0)
System memory in use before: 99.2 MB.
System memory in use after: 99.2 MB.

Unloading 13 unused Assets to reduce memory usage. Loaded Objects now: 2717.
Total: 5.705500 ms (FindLiveObjects: 1.208100 ms CreateObjectMapping: 0.320600 ms MarkObjects: 3.953400 ms  DeleteObjects: 0.215100 ms)

========================================================================
Received Prepare
Registering precompiled user dll's ...
Registered in 0.002397 seconds.
Begin MonoManager ReloadAssembly
Native extension for WindowsStandalone target not found
Native extension for WebGL target not found
Refreshing native plugins compatible for Editor in 0.66 ms, found 1 plugins.
Preloading 0 native plugins for Editor in 0.00 ms.
Mono: successfully reloaded assembly
- Completed reload, in  1.976 seconds
Platform modules already initialized, skipping
Refreshing native plugins compatible for Editor in 0.61 ms, found 1 plugins.
Preloading 0 native plugins for Editor in 0.00 ms.
Unloading 1948 Unused Serialized files (Serialized files now loaded: 0)
System memory in use before: 99.2 MB.
System memory in use after: 99.2 MB.

Unloading 13 unused Assets to reduce memory usage. Loaded Objects now: 2722.
Total: 4.855500 ms (FindLiveObjects: 0.762000 ms CreateObjectMapping: 0.393700 ms MarkObjects: 3.503200 ms  DeleteObjects: 0.193600 ms)

========================================================================
Received Prepare
Registering precompiled user dll's ...
Registered in 0.002637 seconds.
Begin MonoManager ReloadAssembly
Native extension for WindowsStandalone target not found
Native extension for WebGL target not found
Refreshing native plugins compatible for Editor in 0.59 ms, found 1 plugins.
Preloading 0 native plugins for Editor in 0.00 ms.
Mono: successfully reloaded assembly
- Completed reload, in  2.081 seconds
Platform modules already initialized, skipping
Refreshing native plugins compatible for Editor in 0.67 ms, found 1 plugins.
Preloading 0 native plugins for Editor in 0.00 ms.
Unloading 1948 Unused Serialized files (Serialized files now loaded: 0)
System memory in use before: 99.2 MB.
System memory in use after: 99.3 MB.

Unloading 13 unused Assets to reduce memory usage. Loaded Objects now: 2727.
Total: 5.589500 ms (FindLiveObjects: 0.747700 ms CreateObjectMapping: 0.214900 ms MarkObjects: 4.346100 ms  DeleteObjects: 0.277900 ms)

========================================================================
Received Prepare
Registering precompiled user dll's ...
Registered in 0.002385 seconds.
Begin MonoManager ReloadAssembly
Native extension for WindowsStandalone target not found
Native extension for WebGL target not found
Refreshing native plugins compatible for Editor in 1.43 ms, found 1 plugins.
Preloading 0 native plugins for Editor in 0.00 ms.
Mono: successfully reloaded assembly
- Completed reload, in  2.293 seconds
Platform modules already initialized, skipping
Refreshing native plugins compatible for Editor in 0.77 ms, found 1 plugins.
Preloading 0 native plugins for Editor in 0.00 ms.
Unloading 1948 Unused Serialized files (Serialized files now loaded: 0)
System memory in use before: 99.2 MB.
System memory in use after: 99.3 MB.

Unloading 13 unused Assets to reduce memory usage. Loaded Objects now: 2732.
Total: 7.016400 ms (FindLiveObjects: 1.696400 ms CreateObjectMapping: 0.392000 ms MarkObjects: 4.544100 ms  DeleteObjects: 0.380100 ms)

========================================================================
Received Prepare
Registering precompiled user dll's ...
Registered in 0.002410 seconds.
Begin MonoManager ReloadAssembly
Native extension for WindowsStandalone target not found
Native extension for WebGL target not found
Refreshing native plugins compatible for Editor in 0.54 ms, found 1 plugins.
Preloading 0 native plugins for Editor in 0.00 ms.
Mono: successfully reloaded assembly
- Completed reload, in  2.389 seconds
Platform modules already initialized, skipping
Refreshing native plugins compatible for Editor in 0.55 ms, found 1 plugins.
Preloading 0 native plugins for Editor in 0.00 ms.
Unloading 1948 Unused Serialized files (Serialized files now loaded: 0)
System memory in use before: 99.3 MB.
System memory in use after: 99.3 MB.

Unloading 13 unused Assets to reduce memory usage. Loaded Objects now: 2737.
Total: 3.180700 ms (FindLiveObjects: 0.286000 ms CreateObjectMapping: 0.100600 ms MarkObjects: 2.636200 ms  DeleteObjects: 0.155600 ms)

========================================================================
Received Prepare
Registering precompiled user dll's ...
Registered in 0.003791 seconds.
Begin MonoManager ReloadAssembly
Native extension for WindowsStandalone target not found
Native extension for WebGL target not found
Refreshing native plugins compatible for Editor in 1.47 ms, found 1 plugins.
Preloading 0 native plugins for Editor in 0.00 ms.
Mono: successfully reloaded assembly
- Completed reload, in  1.885 seconds
Platform modules already initialized, skipping
Refreshing native plugins compatible for Editor in 2.25 ms, found 1 plugins.
Preloading 0 native plugins for Editor in 0.00 ms.
Unloading 1948 Unused Serialized files (Serialized files now loaded: 0)
System memory in use before: 99.3 MB.
System memory in use after: 99.3 MB.

Unloading 13 unused Assets to reduce memory usage. Loaded Objects now: 2742.
Total: 4.898600 ms (FindLiveObjects: 0.823400 ms CreateObjectMapping: 0.320000 ms MarkObjects: 3.520800 ms  DeleteObjects: 0.230700 ms)

========================================================================
Received Prepare
Registering precompiled user dll's ...
Registered in 0.003204 seconds.
Begin MonoManager ReloadAssembly
Native extension for WindowsStandalone target not found
Native extension for WebGL target not found
Refreshing native plugins compatible for Editor in 2.25 ms, found 1 plugins.
Preloading 0 native plugins for Editor in 0.00 ms.
Mono: successfully reloaded assembly
- Completed reload, in  2.038 seconds
Platform modules already initialized, skipping
Refreshing native plugins compatible for Editor in 0.77 ms, found 1 plugins.
Preloading 0 native plugins for Editor in 0.00 ms.
Unloading 1948 Unused Serialized files (Serialized files now loaded: 0)
System memory in use before: 99.3 MB.
System memory in use after: 99.4 MB.

Unloading 13 unused Assets to reduce memory usage. Loaded Objects now: 2747.
Total: 4.565300 ms (FindLiveObjects: 0.478500 ms CreateObjectMapping: 0.114700 ms MarkObjects: 3.711500 ms  DeleteObjects: 0.256900 ms)

========================================================================
Received Prepare
Registering precompiled user dll's ...
Registered in 0.002564 seconds.
Begin MonoManager ReloadAssembly
Native extension for WindowsStandalone target not found
Native extension for WebGL target not found
Refreshing native plugins compatible for Editor in 0.63 ms, found 1 plugins.
Preloading 0 native plugins for Editor in 0.00 ms.
Mono: successfully reloaded assembly
- Completed reload, in  2.011 seconds
Platform modules already initialized, skipping
Refreshing native plugins compatible for Editor in 0.72 ms, found 1 plugins.
Preloading 0 native plugins for Editor in 0.00 ms.
Unloading 1948 Unused Serialized files (Serialized files now loaded: 0)
System memory in use before: 99.3 MB.
System memory in use after: 99.4 MB.

Unloading 13 unused Assets to reduce memory usage. Loaded Objects now: 2752.
Total: 5.162800 ms (FindLiveObjects: 0.601900 ms CreateObjectMapping: 0.158600 ms MarkObjects: 4.212600 ms  DeleteObjects: 0.186900 ms)

========================================================================
Received Import Request.
  Time since last request: 9539.766033 seconds.
  path: Assets/Scripts/InputFieldManager.cs
  artifactKey: Guid(d67bb9a6aa3927542925cbdd69448a93) Importer(815301076,1909f56bfc062723c751e8b465ee728b)
Start importing Assets/Scripts/InputFieldManager.cs using Guid(d67bb9a6aa3927542925cbdd69448a93) Importer(815301076,1909f56bfc062723c751e8b465ee728b)  -> (artifact id: '70317613154f8ea0fef31435cac203a3') in 0.165172 seconds
  Import took 0.172481 seconds .

AssetImportWorkerClient::OnTransportError - code=2 error=End of file
